#
# There is insufficient memory for the Java Runtime Environment to continue.
# Native memory allocation (mmap) failed to map 160432128 bytes for Failed to commit area from 0x0000000096200000 to 0x000000009fb00000 of length 160432128.
# Possible reasons:
#   The system is out of physical RAM or swap space
#   The process is running with CompressedOops enabled, and the Java Heap may be blocking the growth of the native heap
# Possible solutions:
#   Reduce memory load on the system
#   Increase physical memory or swap space
#   Check if swap backing store is full
#   Decrease Java heap size (-Xmx/-Xms)
#   Decrease number of Java threads
#   Decrease Java thread stack sizes (-Xss)
#   Set larger code cache with -XX:ReservedCodeCacheSize=
#   JVM is running with Unscaled Compressed Oops mode in which the Java heap is
#     placed in the first 4GB address space. The Java Heap base address is the
#     maximum limit for the native heap growth. Please use -XX:HeapBaseMinAddress
#     to set the Java Heap base and to place the Java Heap above 4GB virtual address.
# This output file may be truncated or incomplete.
#
#  Out of Memory Error (./src/hotspot/os/windows/os_windows.cpp:3301), pid=16844, tid=18360
#
# JRE version: OpenJDK Runtime Environment (11.0.11+9) (build 11.0.11+9-b60-7590822)
# Java VM: OpenJDK 64-Bit Server VM (11.0.11+9-b60-7590822, mixed mode, tiered, compressed oops, g1 gc, windows-amd64)
# No core dump will be written. Minidumps are not enabled by default on client versions of Windows
#

---------------  S U M M A R Y ------------

Command Line: --add-opens=java.base/java.util=ALL-UNNAMED --add-opens=java.base/java.lang=ALL-UNNAMED --add-opens=java.base/java.lang.invoke=ALL-UNNAMED --add-opens=java.base/java.util=ALL-UNNAMED --add-opens=java.prefs/java.util.prefs=ALL-UNNAMED --add-opens=java.prefs/java.util.prefs=ALL-UNNAMED --add-opens=java.base/java.nio.charset=ALL-UNNAMED --add-opens=java.base/java.net=ALL-UNNAMED --add-opens=java.base/java.util.concurrent.atomic=ALL-UNNAMED -Xmx2048m -Dfile.encoding=UTF-8 -Duser.country=US -Duser.language=en -Duser.variant org.gradle.launcher.daemon.bootstrap.GradleDaemon 7.2

Host: Intel(R) Core(TM) i7-4600U CPU @ 2.10GHz, 4 cores, 7G,  Windows 10 , 64 bit Build 19041 (10.0.19041.1706)
Time: Wed May 25 09:12:07 2022 India Standard Time elapsed time: 260.350999 seconds (0d 0h 4m 20s)

---------------  T H R E A D  ---------------

Current thread (0x00000182398d9000):  VMThread "VM Thread" [stack: 0x0000001b0da00000,0x0000001b0db00000] [id=18360]

Stack: [0x0000001b0da00000,0x0000001b0db00000]
[error occurred during error reporting (printing stack bounds), id 0xc0000005, EXCEPTION_ACCESS_VIOLATION (0xc0000005) at pc=0x0000018223800f2d]

Native frames: (J=compiled Java code, j=interpreted, Vv=VM code, C=native code)
V  [jvm.dll+0x5f214a]
V  [jvm.dll+0x726fb5]
V  [jvm.dll+0x7285cd]
V  [jvm.dll+0x728be5]
V  [jvm.dll+0x728b9b]
V  [jvm.dll+0x5f14e8]
V  [jvm.dll+0x5f1c78]
C  [ntdll.dll+0xa209f]
C  [ntdll.dll+0x51454]
C  [ntdll.dll+0xa0bce]
C  0x0000018223800f2d

VM_Operation (0x0000001b138fdfc0): G1CollectForAllocation, mode: safepoint, requested by thread 0x0000018243458800


---------------  P R O C E S S  ---------------

Threads class SMR info:
_java_thread_list=0x00000182435cf1a0, length=94, elements={
0x000001821fcfa800, 0x00000182398e0000, 0x00000182398e1800, 0x00000182398f8000,
0x00000182398fd000, 0x00000182398fe000, 0x0000018239903000, 0x0000018239905000,
0x000001823a2b9000, 0x000001823a3a0800, 0x000001823b7e0800, 0x000001823b8cd800,
0x000001823b61e000, 0x000001823c409800, 0x000001823c40a800, 0x000001823a66e800,
0x000001823b6d3000, 0x000001823b6d4000, 0x000001823a7ff800, 0x000001823a7fa000,
0x000001823a7fe800, 0x000001823a800800, 0x000001823a7fa800, 0x000001823a7fe000,
0x000001823a7fb800, 0x000001823a7fd000, 0x000001823a7fc000, 0x000001823c0eb800,
0x000001823c0e9000, 0x000001823c0ea000, 0x000001823c0e7000, 0x000001823c0eb000,
0x000001823c0ed800, 0x000001823c0ec800, 0x000001823c0e7800, 0x000001823c0f2000,
0x000001823c0ee000, 0x000001823c0f0800, 0x000001823c0f1800, 0x000001823c0ef000,
0x000001823c0f4000, 0x000001823c0f4800, 0x000001823c0ef800, 0x000001823c0f3000,
0x000001823e777800, 0x000001823e778000, 0x000001823e779000, 0x000001823e773800,
0x000001823e77a000, 0x000001823e774000, 0x000001823e77a800, 0x000001823e775000,
0x000001823e77b800, 0x000001823e775800, 0x000001823e77c800, 0x000001823e776800,
0x000001823e77f800, 0x000001823e77e800, 0x000001823e782000, 0x000001823e780800,
0x000001823e781000, 0x000001823e77d000, 0x000001823e77e000, 0x000001823c09b000,
0x000001823c09c000, 0x000001823c098800, 0x000001823c099800, 0x000001823c096800,
0x000001823c098000, 0x000001823c09d000, 0x000001823c09a800, 0x000001823c097000,
0x000001823c0a1000, 0x000001823c09d800, 0x000001823c09f800, 0x000001823c0a3800,
0x000001823c09e800, 0x000001823c0a0000, 0x000001823c0a4000, 0x000001823c0a2800,
0x000001823c0a1800, 0x0000018243454000, 0x000001824344f000, 0x0000018243450000,
0x0000018243451800, 0x0000018243453000, 0x0000018243450800, 0x000001824344e000,
0x0000018243452000, 0x0000018243458800, 0x0000018243457000, 0x0000018243458000,
0x0000018243459800, 0x0000018240e0a000
}

Java Threads: ( => current thread )
  0x000001821fcfa800 JavaThread "main" [_thread_blocked, id=16052, stack(0x0000001b0d400000,0x0000001b0d500000)]
  0x00000182398e0000 JavaThread "Reference Handler" daemon [_thread_blocked, id=10048, stack(0x0000001b0db00000,0x0000001b0dc00000)]
  0x00000182398e1800 JavaThread "Finalizer" daemon [_thread_blocked, id=9704, stack(0x0000001b0dc00000,0x0000001b0dd00000)]
  0x00000182398f8000 JavaThread "Signal Dispatcher" daemon [_thread_blocked, id=7952, stack(0x0000001b0dd00000,0x0000001b0de00000)]
  0x00000182398fd000 JavaThread "Attach Listener" daemon [_thread_blocked, id=14728, stack(0x0000001b0de00000,0x0000001b0df00000)]
  0x00000182398fe000 JavaThread "Service Thread" daemon [_thread_blocked, id=4512, stack(0x0000001b0df00000,0x0000001b0e000000)]
  0x0000018239903000 JavaThread "C2 CompilerThread0" daemon [_thread_blocked, id=15616, stack(0x0000001b0e000000,0x0000001b0e100000)]
  0x0000018239905000 JavaThread "C1 CompilerThread0" daemon [_thread_blocked, id=15732, stack(0x0000001b0e100000,0x0000001b0e200000)]
  0x000001823a2b9000 JavaThread "Sweeper thread" daemon [_thread_blocked, id=15852, stack(0x0000001b0e200000,0x0000001b0e300000)]
  0x000001823a3a0800 JavaThread "Common-Cleaner" daemon [_thread_blocked, id=16416, stack(0x0000001b0e300000,0x0000001b0e400000)]
  0x000001823b7e0800 JavaThread "Daemon health stats" [_thread_blocked, id=15004, stack(0x0000001b0e700000,0x0000001b0e800000)]
  0x000001823b8cd800 JavaThread "Incoming local TCP Connector on port 56977" [_thread_in_native, id=18172, stack(0x0000001b0e800000,0x0000001b0e900000)]
  0x000001823b61e000 JavaThread "Daemon periodic checks" [_thread_blocked, id=11680, stack(0x0000001b0e900000,0x0000001b0ea00000)]
  0x000001823c409800 JavaThread "Daemon" [_thread_blocked, id=16980, stack(0x0000001b0ea00000,0x0000001b0eb00000)]
  0x000001823c40a800 JavaThread "Handler for socket connection from /127.0.0.1:56977 to /127.0.0.1:56978" [_thread_in_native, id=11700, stack(0x0000001b0eb00000,0x0000001b0ec00000)]
  0x000001823a66e800 JavaThread "Cancel handler" [_thread_blocked, id=3188, stack(0x0000001b0ec00000,0x0000001b0ed00000)]
  0x000001823b6d3000 JavaThread "Daemon worker" [_thread_blocked, id=7628, stack(0x0000001b0ed00000,0x0000001b0ee00000)]
  0x000001823b6d4000 JavaThread "Asynchronous log dispatcher for DefaultDaemonConnection: socket connection from /127.0.0.1:56977 to /127.0.0.1:56978" [_thread_blocked, id=14344, stack(0x0000001b0ee00000,0x0000001b0ef00000)]
  0x000001823a7ff800 JavaThread "Daemon client event forwarder" [_thread_blocked, id=10580, stack(0x0000001b0f000000,0x0000001b0f100000)]
  0x000001823a7fa000 JavaThread "Cache worker for journal cache (C:\Users\mishal\.gradle\caches\journal-1)" [_thread_blocked, id=11736, stack(0x0000001b0f200000,0x0000001b0f300000)]
  0x000001823a7fe800 JavaThread "File lock request listener" [_thread_in_native, id=6260, stack(0x0000001b0f300000,0x0000001b0f400000)]
  0x000001823a800800 JavaThread "Cache worker for file hash cache (C:\Users\mishal\.gradle\caches\7.2\fileHashes)" [_thread_blocked, id=4404, stack(0x0000001b0f400000,0x0000001b0f500000)]
  0x000001823a7fa800 JavaThread "Cache worker for file hash cache (E:\Telegram\.gradle\7.2\fileHashes)" [_thread_blocked, id=17584, stack(0x0000001b0f500000,0x0000001b0f600000)]
  0x000001823a7fe000 JavaThread "File watcher server" daemon [_thread_blocked, id=18060, stack(0x0000001b0f600000,0x0000001b0f700000)]
  0x000001823a7fb800 JavaThread "File watcher consumer" daemon [_thread_blocked, id=15564, stack(0x0000001b0f700000,0x0000001b0f800000)]
  0x000001823a7fd000 JavaThread "Cache worker for checksums cache (E:\Telegram\.gradle\checksums)" [_thread_blocked, id=18236, stack(0x0000001b0f800000,0x0000001b0f900000)]
  0x000001823a7fc000 JavaThread "Cache worker for cache directory md-supplier (C:\Users\mishal\.gradle\caches\7.2\md-supplier)" [_thread_blocked, id=6296, stack(0x0000001b0f900000,0x0000001b0fa00000)]
  0x000001823c0eb800 JavaThread "Cache worker for cache directory md-rule (C:\Users\mishal\.gradle\caches\7.2\md-rule)" [_thread_blocked, id=15500, stack(0x0000001b0fa00000,0x0000001b0fb00000)]
  0x000001823c0e9000 JavaThread "Cache worker for execution history cache (C:\Users\mishal\.gradle\caches\7.2\executionHistory)" [_thread_blocked, id=14772, stack(0x0000001b0fb00000,0x0000001b0fc00000)]
  0x000001823c0ea000 JavaThread "jar transforms" [_thread_blocked, id=3956, stack(0x0000001b0fe00000,0x0000001b0ff00000)]
  0x000001823c0e7000 JavaThread "Cache worker for file content cache (C:\Users\mishal\.gradle\caches\7.2\fileContent)" [_thread_blocked, id=16048, stack(0x0000001b0ff00000,0x0000001b10000000)]
  0x000001823c0eb000 JavaThread "jar transforms Thread 2" [_thread_blocked, id=14616, stack(0x0000001b10000000,0x0000001b10100000)]
  0x000001823c0ed800 JavaThread "Cache worker for dependencies-accessors (E:\Telegram\.gradle\7.2\dependencies-accessors)" [_thread_blocked, id=6016, stack(0x0000001b10100000,0x0000001b10200000)]
  0x000001823c0ec800 JavaThread "jar transforms Thread 3" [_thread_blocked, id=5996, stack(0x0000001b10200000,0x0000001b10300000)]
  0x000001823c0e7800 JavaThread "Cache worker for Build Output Cleanup Cache (E:\Telegram\.gradle\buildOutputCleanup)" [_thread_blocked, id=7708, stack(0x0000001b10300000,0x0000001b10400000)]
  0x000001823c0f2000 JavaThread "Unconstrained build operations" [_thread_blocked, id=17404, stack(0x0000001b10400000,0x0000001b10500000)]
  0x000001823c0ee000 JavaThread "Unconstrained build operations Thread 2" [_thread_blocked, id=17212, stack(0x0000001b10500000,0x0000001b10600000)]
  0x000001823c0f0800 JavaThread "Unconstrained build operations Thread 3" [_thread_blocked, id=13852, stack(0x0000001b10600000,0x0000001b10700000)]
  0x000001823c0f1800 JavaThread "Unconstrained build operations Thread 4" [_thread_blocked, id=12368, stack(0x0000001b10700000,0x0000001b10800000)]
  0x000001823c0ef000 JavaThread "Unconstrained build operations Thread 5" [_thread_blocked, id=2292, stack(0x0000001b10800000,0x0000001b10900000)]
  0x000001823c0f4000 JavaThread "Unconstrained build operations Thread 6" [_thread_blocked, id=17112, stack(0x0000001b10900000,0x0000001b10a00000)]
  0x000001823c0f4800 JavaThread "Unconstrained build operations Thread 7" [_thread_blocked, id=16944, stack(0x0000001b10a00000,0x0000001b10b00000)]
  0x000001823c0ef800 JavaThread "Unconstrained build operations Thread 8" [_thread_blocked, id=18332, stack(0x0000001b10b00000,0x0000001b10c00000)]
  0x000001823c0f3000 JavaThread "Unconstrained build operations Thread 9" [_thread_blocked, id=6788, stack(0x0000001b10c00000,0x0000001b10d00000)]
  0x000001823e777800 JavaThread "Unconstrained build operations Thread 10" [_thread_blocked, id=15020, stack(0x0000001b10d00000,0x0000001b10e00000)]
  0x000001823e778000 JavaThread "Unconstrained build operations Thread 11" [_thread_blocked, id=12708, stack(0x0000001b10e00000,0x0000001b10f00000)]
  0x000001823e779000 JavaThread "Unconstrained build operations Thread 12" [_thread_blocked, id=9660, stack(0x0000001b10f00000,0x0000001b11000000)]
  0x000001823e773800 JavaThread "Unconstrained build operations Thread 13" [_thread_blocked, id=12680, stack(0x0000001b11000000,0x0000001b11100000)]
  0x000001823e77a000 JavaThread "Unconstrained build operations Thread 14" [_thread_blocked, id=15180, stack(0x0000001b11100000,0x0000001b11200000)]
  0x000001823e774000 JavaThread "Unconstrained build operations Thread 15" [_thread_blocked, id=18428, stack(0x0000001b11200000,0x0000001b11300000)]
  0x000001823e77a800 JavaThread "Unconstrained build operations Thread 16" [_thread_blocked, id=17228, stack(0x0000001b11300000,0x0000001b11400000)]
  0x000001823e775000 JavaThread "Unconstrained build operations Thread 17" [_thread_blocked, id=13812, stack(0x0000001b11400000,0x0000001b11500000)]
  0x000001823e77b800 JavaThread "Unconstrained build operations Thread 18" [_thread_blocked, id=15140, stack(0x0000001b11500000,0x0000001b11600000)]
  0x000001823e775800 JavaThread "Unconstrained build operations Thread 19" [_thread_blocked, id=18248, stack(0x0000001b11600000,0x0000001b11700000)]
  0x000001823e77c800 JavaThread "Unconstrained build operations Thread 20" [_thread_blocked, id=16632, stack(0x0000001b11700000,0x0000001b11800000)]
  0x000001823e776800 JavaThread "Unconstrained build operations Thread 21" [_thread_blocked, id=10644, stack(0x0000001b11800000,0x0000001b11900000)]
  0x000001823e77f800 JavaThread "Unconstrained build operations Thread 22" [_thread_blocked, id=13992, stack(0x0000001b11900000,0x0000001b11a00000)]
  0x000001823e77e800 JavaThread "Unconstrained build operations Thread 23" [_thread_blocked, id=7388, stack(0x0000001b11a00000,0x0000001b11b00000)]
  0x000001823e782000 JavaThread "Unconstrained build operations Thread 24" [_thread_blocked, id=16812, stack(0x0000001b11b00000,0x0000001b11c00000)]
  0x000001823e780800 JavaThread "Unconstrained build operations Thread 25" [_thread_blocked, id=15284, stack(0x0000001b11c00000,0x0000001b11d00000)]
  0x000001823e781000 JavaThread "Unconstrained build operations Thread 26" [_thread_blocked, id=5864, stack(0x0000001b11d00000,0x0000001b11e00000)]
  0x000001823e77d000 JavaThread "Unconstrained build operations Thread 27" [_thread_blocked, id=18204, stack(0x0000001b11e00000,0x0000001b11f00000)]
  0x000001823e77e000 JavaThread "Unconstrained build operations Thread 28" [_thread_blocked, id=5384, stack(0x0000001b11f00000,0x0000001b12000000)]
  0x000001823c09b000 JavaThread "Unconstrained build operations Thread 29" [_thread_blocked, id=16080, stack(0x0000001b12000000,0x0000001b12100000)]
  0x000001823c09c000 JavaThread "Unconstrained build operations Thread 30" [_thread_blocked, id=18400, stack(0x0000001b12100000,0x0000001b12200000)]
  0x000001823c098800 JavaThread "Unconstrained build operations Thread 31" [_thread_blocked, id=9928, stack(0x0000001b12200000,0x0000001b12300000)]
  0x000001823c099800 JavaThread "Unconstrained build operations Thread 32" [_thread_blocked, id=15440, stack(0x0000001b12300000,0x0000001b12400000)]
  0x000001823c096800 JavaThread "Unconstrained build operations Thread 33" [_thread_blocked, id=8936, stack(0x0000001b12400000,0x0000001b12500000)]
  0x000001823c098000 JavaThread "Unconstrained build operations Thread 34" [_thread_blocked, id=13496, stack(0x0000001b12500000,0x0000001b12600000)]
  0x000001823c09d000 JavaThread "Unconstrained build operations Thread 35" [_thread_blocked, id=15260, stack(0x0000001b12600000,0x0000001b12700000)]
  0x000001823c09a800 JavaThread "Unconstrained build operations Thread 36" [_thread_blocked, id=17456, stack(0x0000001b12700000,0x0000001b12800000)]
  0x000001823c097000 JavaThread "Unconstrained build operations Thread 37" [_thread_blocked, id=5640, stack(0x0000001b12800000,0x0000001b12900000)]
  0x000001823c0a1000 JavaThread "Unconstrained build operations Thread 38" [_thread_blocked, id=10124, stack(0x0000001b12900000,0x0000001b12a00000)]
  0x000001823c09d800 JavaThread "Unconstrained build operations Thread 39" [_thread_blocked, id=2716, stack(0x0000001b12a00000,0x0000001b12b00000)]
  0x000001823c09f800 JavaThread "Unconstrained build operations Thread 40" [_thread_blocked, id=12020, stack(0x0000001b12b00000,0x0000001b12c00000)]
  0x000001823c0a3800 JavaThread "jar transforms Thread 4" [_thread_blocked, id=16336, stack(0x0000001b0d200000,0x0000001b0d300000)]
  0x000001823c09e800 JavaThread "Memory manager" [_thread_blocked, id=12024, stack(0x0000001b0d300000,0x0000001b0d400000)]
  0x000001823c0a0000 JavaThread "build event listener" [_thread_blocked, id=4180, stack(0x0000001b0ef00000,0x0000001b0f000000)]
  0x000001823c0a4000 JavaThread "Execution worker for ':'" [_thread_blocked, id=15384, stack(0x0000001b12c00000,0x0000001b12d00000)]
  0x000001823c0a2800 JavaThread "Execution worker for ':' Thread 2" [_thread_blocked, id=3768, stack(0x0000001b12d00000,0x0000001b12e00000)]
  0x000001823c0a1800 JavaThread "Execution worker for ':' Thread 3" [_thread_blocked, id=16868, stack(0x0000001b12e00000,0x0000001b12f00000)]
  0x0000018243454000 JavaThread "Cache worker for execution history cache (E:\Telegram\.gradle\7.2\executionHistory)" [_thread_blocked, id=13384, stack(0x0000001b12f00000,0x0000001b13000000)]
  0x000001824344f000 JavaThread "WorkerExecutor Queue" [_thread_blocked, id=11444, stack(0x0000001b13000000,0x0000001b13100000)]
  0x0000018243450000 JavaThread "WorkerExecutor Queue Thread 2" [_thread_blocked, id=14668, stack(0x0000001b13100000,0x0000001b13200000)]
  0x0000018243451800 JavaThread "WorkerExecutor Queue Thread 4" [_thread_blocked, id=12320, stack(0x0000001b13300000,0x0000001b13400000)]
  0x0000018243453000 JavaThread "pool-3-thread-1" [_thread_blocked, id=16992, stack(0x0000001b13600000,0x0000001b13700000)]
  0x0000018243450800 JavaThread "stderr" [_thread_in_native, id=7244, stack(0x0000001b13200000,0x0000001b13300000)]
  0x000001824344e000 JavaThread "stdout" [_thread_in_native, id=15756, stack(0x0000001b13400000,0x0000001b13500000)]
  0x0000018243452000 JavaThread "WorkerExecutor Queue Thread 5" [_thread_blocked, id=14452, stack(0x0000001b13500000,0x0000001b13600000)]
  0x0000018243458800 JavaThread "ForkJoinPool-1-worker-3" daemon [_thread_blocked, id=13084, stack(0x0000001b13800000,0x0000001b13900000)]
  0x0000018243457000 JavaThread "ForkJoinPool-1-worker-5" daemon [_thread_blocked, id=9980, stack(0x0000001b13900000,0x0000001b13a00000)]
  0x0000018243458000 JavaThread "ForkJoinPool-1-worker-7" daemon [_thread_blocked, id=12120, stack(0x0000001b13a00000,0x0000001b13b00000)]
  0x0000018243459800 JavaThread "ForkJoinPool-1-worker-1" daemon [_thread_blocked, id=16692, stack(0x0000001b13b00000,0x0000001b13c00000)]
  0x0000018240e0a000 JavaThread "C2 CompilerThread1" daemon [_thread_blocked, id=9356, stack(0x0000001b13700000,0x0000001b13800000)]

Other Threads:
=>0x00000182398d9000 VMThread "VM Thread" [stack: 0x0000001b0da00000,0x0000001b0db00000] [id=18360]
  0x000001823a3f7800 WatcherThread [stack: 0x0000001b0e400000,0x0000001b0e500000] [id=10888]
  0x000001821fd13800 GCTaskThread "GC Thread#0" [stack: 0x0000001b0d500000,0x0000001b0d600000] [id=4532]
  0x000001823a5df800 GCTaskThread "GC Thread#1" [stack: 0x0000001b0e500000,0x0000001b0e600000] [id=14856]
  0x000001823accc000 GCTaskThread "GC Thread#2" [stack: 0x0000001b0e600000,0x0000001b0e700000] [id=14044]
  0x000001823b800800 GCTaskThread "GC Thread#3" [stack: 0x0000001b0f100000,0x0000001b0f200000] [id=10432]
  0x000001821fd44800 ConcurrentGCThread "G1 Main Marker" [stack: 0x0000001b0d600000,0x0000001b0d700000] [id=9420]
  0x000001821fd46000 ConcurrentGCThread "G1 Conc#0" [stack: 0x0000001b0d700000,0x0000001b0d800000] [id=14572]
  0x000001821fdd4800 ConcurrentGCThread "G1 Refine#0" [stack: 0x0000001b0d800000,0x0000001b0d900000] [id=14948]
  0x000001821fdd5800 ConcurrentGCThread "G1 Young RemSet Sampling" [stack: 0x0000001b0d900000,0x0000001b0da00000] [id=120]

Threads with active compile tasks:
C2 CompilerThread0 261598 19262       4       com.android.tools.r8.dex.y$$Lambda$1751/0x0000000100f8d440::accept (20 bytes)
C2 CompilerThread1 261598 19263       4       com.android.tools.r8.dex.y::a (158 bytes)

VM state:at safepoint (normal execution)

VM Mutex/Monitor currently owned by a thread:  ([mutex/lock_event])
[0x000001821fcf6be0] Threads_lock - owner thread: 0x00000182398d9000
[0x000001821fcf62e0] Heap_lock - owner thread: 0x0000018243458800

Heap address: 0x0000000080000000, size: 2048 MB, Compressed Oops mode: 32-bit
Narrow klass base: 0x0000000000000000, Narrow klass shift: 3
Compressed class space size: 1073741824 Address: 0x0000000100000000

Heap:
 garbage-first heap   total 519168K, used 222528K [0x0000000080000000, 0x0000000100000000)
  region size 1024K, 8 young (8192K), 8 survivors (8192K)
 Metaspace       used 119410K, capacity 122363K, committed 122880K, reserved 1155072K
  class space    used 15012K, capacity 16160K, committed 16384K, reserved 1048576K
Heap Regions: E=young(eden), S=young(survivor), O=old, HS=humongous(starts), HC=humongous(continues), CS=collection set, F=free, A=archive, TAMS=top-at-mark-start (previous, next)
|   0|0x0000000080000000, 0x0000000080100000, 0x0000000080100000|100%| O|  |TAMS 0x0000000080100000, 0x0000000080000000| Untracked 
|   1|0x0000000080100000, 0x0000000080200000, 0x0000000080200000|100%| O|  |TAMS 0x0000000080200000, 0x0000000080100000| Untracked 
|   2|0x0000000080200000, 0x0000000080300000, 0x0000000080300000|100%| O|  |TAMS 0x0000000080300000, 0x0000000080200000| Untracked 
|   3|0x0000000080300000, 0x0000000080400000, 0x0000000080400000|100%|HS|  |TAMS 0x0000000080400000, 0x0000000080300000| Complete 
|   4|0x0000000080400000, 0x0000000080500000, 0x0000000080500000|100%|HC|  |TAMS 0x0000000080500000, 0x0000000080400000| Complete 
|   5|0x0000000080500000, 0x0000000080600000, 0x0000000080600000|100%|HC|  |TAMS 0x0000000080600000, 0x0000000080500000| Complete 
|   6|0x0000000080600000, 0x0000000080700000, 0x0000000080700000|100%| O|  |TAMS 0x0000000080700000, 0x0000000080600000| Untracked 
|   7|0x0000000080700000, 0x0000000080800000, 0x0000000080800000|100%| O|  |TAMS 0x0000000080800000, 0x0000000080700000| Untracked 
|   8|0x0000000080800000, 0x0000000080900000, 0x0000000080900000|100%| O|  |TAMS 0x0000000080900000, 0x0000000080800000| Untracked 
|   9|0x0000000080900000, 0x0000000080a00000, 0x0000000080a00000|100%| O|  |TAMS 0x0000000080a00000, 0x0000000080900000| Untracked 
|  10|0x0000000080a00000, 0x0000000080b00000, 0x0000000080b00000|100%| O|  |TAMS 0x0000000080b00000, 0x0000000080a00000| Untracked 
|  11|0x0000000080b00000, 0x0000000080c00000, 0x0000000080c00000|100%| O|  |TAMS 0x0000000080c00000, 0x0000000080b00000| Untracked 
|  12|0x0000000080c00000, 0x0000000080d00000, 0x0000000080d00000|100%| O|  |TAMS 0x0000000080d00000, 0x0000000080c00000| Untracked 
|  13|0x0000000080d00000, 0x0000000080e00000, 0x0000000080e00000|100%| O|  |TAMS 0x0000000080e00000, 0x0000000080d00000| Untracked 
|  14|0x0000000080e00000, 0x0000000080f00000, 0x0000000080f00000|100%| O|  |TAMS 0x0000000080f00000, 0x0000000080e00000| Untracked 
|  15|0x0000000080f00000, 0x0000000081000000, 0x0000000081000000|100%| O|  |TAMS 0x0000000081000000, 0x0000000080f00000| Untracked 
|  16|0x0000000081000000, 0x0000000081100000, 0x0000000081100000|100%| O|  |TAMS 0x0000000081100000, 0x0000000081000000| Untracked 
|  17|0x0000000081100000, 0x0000000081200000, 0x0000000081200000|100%| O|  |TAMS 0x0000000081200000, 0x0000000081100000| Untracked 
|  18|0x0000000081200000, 0x0000000081300000, 0x0000000081300000|100%| O|  |TAMS 0x0000000081300000, 0x0000000081200000| Untracked 
|  19|0x0000000081300000, 0x0000000081400000, 0x0000000081400000|100%| O|  |TAMS 0x0000000081400000, 0x0000000081300000| Untracked 
|  20|0x0000000081400000, 0x0000000081500000, 0x0000000081500000|100%| O|  |TAMS 0x0000000081500000, 0x0000000081400000| Untracked 
|  21|0x0000000081500000, 0x0000000081600000, 0x0000000081600000|100%| O|  |TAMS 0x0000000081600000, 0x0000000081500000| Untracked 
|  22|0x0000000081600000, 0x0000000081700000, 0x0000000081700000|100%| O|  |TAMS 0x0000000081700000, 0x0000000081600000| Untracked 
|  23|0x0000000081700000, 0x0000000081800000, 0x0000000081800000|100%| O|  |TAMS 0x0000000081800000, 0x0000000081700000| Untracked 
|  24|0x0000000081800000, 0x0000000081900000, 0x0000000081900000|100%| O|  |TAMS 0x0000000081900000, 0x0000000081800000| Untracked 
|  25|0x0000000081900000, 0x0000000081a00000, 0x0000000081a00000|100%| O|  |TAMS 0x0000000081a00000, 0x0000000081900000| Untracked 
|  26|0x0000000081a00000, 0x0000000081b00000, 0x0000000081b00000|100%| O|  |TAMS 0x0000000081b00000, 0x0000000081a00000| Untracked 
|  27|0x0000000081b00000, 0x0000000081c00000, 0x0000000081c00000|100%| O|  |TAMS 0x0000000081c00000, 0x0000000081b00000| Untracked 
|  28|0x0000000081c00000, 0x0000000081d00000, 0x0000000081d00000|100%|HS|  |TAMS 0x0000000081d00000, 0x0000000081c00000| Complete 
|  29|0x0000000081d00000, 0x0000000081e00000, 0x0000000081e00000|100%|HS|  |TAMS 0x0000000081e00000, 0x0000000081d00000| Complete 
|  30|0x0000000081e00000, 0x0000000081f00000, 0x0000000081f00000|100%|HS|  |TAMS 0x0000000081f00000, 0x0000000081e00000| Complete 
|  31|0x0000000081f00000, 0x0000000082000000, 0x0000000082000000|100%|HS|  |TAMS 0x0000000082000000, 0x0000000081f00000| Complete 
|  32|0x0000000082000000, 0x0000000082100000, 0x0000000082100000|100%|HS|  |TAMS 0x0000000082100000, 0x0000000082000000| Complete 
|  33|0x0000000082100000, 0x0000000082200000, 0x0000000082200000|100%|HC|  |TAMS 0x0000000082200000, 0x0000000082100000| Complete 
|  34|0x0000000082200000, 0x0000000082300000, 0x0000000082300000|100%|HC|  |TAMS 0x0000000082300000, 0x0000000082200000| Complete 
|  35|0x0000000082300000, 0x0000000082400000, 0x0000000082400000|100%|HS|  |TAMS 0x0000000082400000, 0x0000000082300000| Complete 
|  36|0x0000000082400000, 0x0000000082500000, 0x0000000082500000|100%|HC|  |TAMS 0x0000000082500000, 0x0000000082400000| Complete 
|  37|0x0000000082500000, 0x0000000082600000, 0x0000000082600000|100%| O|  |TAMS 0x0000000082600000, 0x0000000082500000| Untracked 
|  38|0x0000000082600000, 0x0000000082700000, 0x0000000082700000|100%| O|  |TAMS 0x0000000082700000, 0x0000000082600000| Untracked 
|  39|0x0000000082700000, 0x0000000082800000, 0x0000000082800000|100%| O|  |TAMS 0x0000000082800000, 0x0000000082700000| Untracked 
|  40|0x0000000082800000, 0x0000000082900000, 0x0000000082900000|100%| O|  |TAMS 0x0000000082900000, 0x0000000082800000| Untracked 
|  41|0x0000000082900000, 0x0000000082a00000, 0x0000000082a00000|100%| O|  |TAMS 0x0000000082a00000, 0x0000000082900000| Untracked 
|  42|0x0000000082a00000, 0x0000000082b00000, 0x0000000082b00000|100%| O|  |TAMS 0x0000000082b00000, 0x0000000082a00000| Untracked 
|  43|0x0000000082b00000, 0x0000000082c00000, 0x0000000082c00000|100%| O|  |TAMS 0x0000000082c00000, 0x0000000082b00000| Untracked 
|  44|0x0000000082c00000, 0x0000000082d00000, 0x0000000082d00000|100%| O|  |TAMS 0x0000000082d00000, 0x0000000082c00000| Untracked 
|  45|0x0000000082d00000, 0x0000000082e00000, 0x0000000082e00000|100%| O|  |TAMS 0x0000000082e00000, 0x0000000082d00000| Untracked 
|  46|0x0000000082e00000, 0x0000000082f00000, 0x0000000082f00000|100%| O|  |TAMS 0x0000000082f00000, 0x0000000082e00000| Untracked 
|  47|0x0000000082f00000, 0x0000000083000000, 0x0000000083000000|100%| O|  |TAMS 0x0000000083000000, 0x0000000082f00000| Untracked 
|  48|0x0000000083000000, 0x0000000083100000, 0x0000000083100000|100%| O|  |TAMS 0x0000000083100000, 0x0000000083000000| Untracked 
|  49|0x0000000083100000, 0x0000000083200000, 0x0000000083200000|100%| O|  |TAMS 0x0000000083200000, 0x0000000083100000| Untracked 
|  50|0x0000000083200000, 0x0000000083300000, 0x0000000083300000|100%| O|  |TAMS 0x0000000083300000, 0x0000000083200000| Untracked 
|  51|0x0000000083300000, 0x0000000083400000, 0x0000000083400000|100%| O|  |TAMS 0x0000000083400000, 0x0000000083300000| Untracked 
|  52|0x0000000083400000, 0x0000000083500000, 0x0000000083500000|100%| O|  |TAMS 0x0000000083500000, 0x0000000083400000| Untracked 
|  53|0x0000000083500000, 0x0000000083600000, 0x0000000083600000|100%| O|  |TAMS 0x0000000083600000, 0x0000000083500000| Untracked 
|  54|0x0000000083600000, 0x0000000083700000, 0x0000000083700000|100%| O|  |TAMS 0x0000000083700000, 0x0000000083600000| Untracked 
|  55|0x0000000083700000, 0x0000000083800000, 0x0000000083800000|100%| O|  |TAMS 0x0000000083800000, 0x0000000083700000| Untracked 
|  56|0x0000000083800000, 0x0000000083900000, 0x0000000083900000|100%| O|  |TAMS 0x0000000083900000, 0x0000000083800000| Untracked 
|  57|0x0000000083900000, 0x0000000083a00000, 0x0000000083a00000|100%| O|  |TAMS 0x0000000083a00000, 0x0000000083900000| Untracked 
|  58|0x0000000083a00000, 0x0000000083b00000, 0x0000000083b00000|100%| O|  |TAMS 0x0000000083b00000, 0x0000000083a00000| Untracked 
|  59|0x0000000083b00000, 0x0000000083c00000, 0x0000000083c00000|100%| O|  |TAMS 0x0000000083c00000, 0x0000000083b00000| Untracked 
|  60|0x0000000083c00000, 0x0000000083d00000, 0x0000000083d00000|100%| O|  |TAMS 0x0000000083d00000, 0x0000000083c00000| Untracked 
|  61|0x0000000083d00000, 0x0000000083e00000, 0x0000000083e00000|100%| O|  |TAMS 0x0000000083e00000, 0x0000000083d00000| Untracked 
|  62|0x0000000083e00000, 0x0000000083f00000, 0x0000000083f00000|100%| O|  |TAMS 0x0000000083f00000, 0x0000000083e00000| Untracked 
|  63|0x0000000083f00000, 0x0000000084000000, 0x0000000084000000|100%| O|  |TAMS 0x0000000084000000, 0x0000000083f00000| Untracked 
|  64|0x0000000084000000, 0x0000000084100000, 0x0000000084100000|100%| O|  |TAMS 0x0000000084100000, 0x0000000084000000| Untracked 
|  65|0x0000000084100000, 0x0000000084200000, 0x0000000084200000|100%| O|  |TAMS 0x0000000084200000, 0x0000000084100000| Untracked 
|  66|0x0000000084200000, 0x0000000084300000, 0x0000000084300000|100%| O|  |TAMS 0x0000000084300000, 0x0000000084200000| Untracked 
|  67|0x0000000084300000, 0x0000000084400000, 0x0000000084400000|100%| O|  |TAMS 0x0000000084400000, 0x0000000084300000| Untracked 
|  68|0x0000000084400000, 0x0000000084500000, 0x0000000084500000|100%| O|  |TAMS 0x0000000084500000, 0x0000000084400000| Untracked 
|  69|0x0000000084500000, 0x0000000084600000, 0x0000000084600000|100%| O|  |TAMS 0x0000000084600000, 0x0000000084500000| Untracked 
|  70|0x0000000084600000, 0x0000000084700000, 0x0000000084700000|100%| O|  |TAMS 0x0000000084700000, 0x0000000084600000| Untracked 
|  71|0x0000000084700000, 0x0000000084800000, 0x0000000084800000|100%| O|  |TAMS 0x0000000084800000, 0x0000000084700000| Untracked 
|  72|0x0000000084800000, 0x0000000084900000, 0x0000000084900000|100%| O|  |TAMS 0x0000000084900000, 0x0000000084800000| Untracked 
|  73|0x0000000084900000, 0x0000000084a00000, 0x0000000084a00000|100%| O|  |TAMS 0x0000000084a00000, 0x0000000084900000| Untracked 
|  74|0x0000000084a00000, 0x0000000084b00000, 0x0000000084b00000|100%| O|  |TAMS 0x0000000084b00000, 0x0000000084a00000| Untracked 
|  75|0x0000000084b00000, 0x0000000084c00000, 0x0000000084c00000|100%| O|  |TAMS 0x0000000084c00000, 0x0000000084b00000| Untracked 
|  76|0x0000000084c00000, 0x0000000084d00000, 0x0000000084d00000|100%| O|  |TAMS 0x0000000084d00000, 0x0000000084c00000| Untracked 
|  77|0x0000000084d00000, 0x0000000084e00000, 0x0000000084e00000|100%| O|  |TAMS 0x0000000084e00000, 0x0000000084d00000| Untracked 
|  78|0x0000000084e00000, 0x0000000084f00000, 0x0000000084f00000|100%| O|  |TAMS 0x0000000084f00000, 0x0000000084e00000| Untracked 
|  79|0x0000000084f00000, 0x0000000085000000, 0x0000000085000000|100%| O|  |TAMS 0x0000000085000000, 0x0000000084f00000| Untracked 
|  80|0x0000000085000000, 0x0000000085100000, 0x0000000085100000|100%|HS|  |TAMS 0x0000000085000000, 0x0000000085000000| Complete 
|  81|0x0000000085100000, 0x0000000085200000, 0x0000000085200000|100%| O|  |TAMS 0x0000000085200000, 0x0000000085100000| Untracked 
|  82|0x0000000085200000, 0x0000000085300000, 0x0000000085300000|100%| O|  |TAMS 0x0000000085300000, 0x0000000085200000| Untracked 
|  83|0x0000000085300000, 0x0000000085400000, 0x0000000085400000|100%| O|  |TAMS 0x0000000085400000, 0x0000000085300000| Untracked 
|  84|0x0000000085400000, 0x0000000085500000, 0x0000000085500000|100%| O|  |TAMS 0x0000000085500000, 0x0000000085400000| Untracked 
|  85|0x0000000085500000, 0x0000000085600000, 0x0000000085600000|100%| O|  |TAMS 0x0000000085600000, 0x0000000085500000| Untracked 
|  86|0x0000000085600000, 0x0000000085700000, 0x0000000085700000|100%| O|  |TAMS 0x0000000085700000, 0x0000000085600000| Untracked 
|  87|0x0000000085700000, 0x0000000085800000, 0x0000000085800000|100%| O|  |TAMS 0x0000000085800000, 0x0000000085700000| Untracked 
|  88|0x0000000085800000, 0x0000000085900000, 0x0000000085900000|100%| O|  |TAMS 0x0000000085900000, 0x0000000085800000| Untracked 
|  89|0x0000000085900000, 0x0000000085a00000, 0x0000000085a00000|100%| O|  |TAMS 0x0000000085a00000, 0x0000000085900000| Untracked 
|  90|0x0000000085a00000, 0x0000000085b00000, 0x0000000085b00000|100%| O|  |TAMS 0x0000000085b00000, 0x0000000085a00000| Untracked 
|  91|0x0000000085b00000, 0x0000000085c00000, 0x0000000085c00000|100%| O|  |TAMS 0x0000000085c00000, 0x0000000085b00000| Untracked 
|  92|0x0000000085c00000, 0x0000000085d00000, 0x0000000085d00000|100%| O|  |TAMS 0x0000000085d00000, 0x0000000085c00000| Untracked 
|  93|0x0000000085d00000, 0x0000000085e00000, 0x0000000085e00000|100%| O|  |TAMS 0x0000000085e00000, 0x0000000085d00000| Untracked 
|  94|0x0000000085e00000, 0x0000000085f00000, 0x0000000085f00000|100%|HS|  |TAMS 0x0000000085f00000, 0x0000000085e00000| Complete 
|  95|0x0000000085f00000, 0x0000000086000000, 0x0000000086000000|100%|HC|  |TAMS 0x0000000086000000, 0x0000000085f00000| Complete 
|  96|0x0000000086000000, 0x0000000086100000, 0x0000000086100000|100%|HS|  |TAMS 0x0000000086100000, 0x0000000086000000| Complete 
|  97|0x0000000086100000, 0x0000000086200000, 0x0000000086200000|100%|HS|  |TAMS 0x0000000086200000, 0x0000000086100000| Complete 
|  98|0x0000000086200000, 0x0000000086300000, 0x0000000086300000|100%|HS|  |TAMS 0x0000000086300000, 0x0000000086200000| Complete 
|  99|0x0000000086300000, 0x0000000086400000, 0x0000000086400000|100%|HS|  |TAMS 0x0000000086400000, 0x0000000086300000| Complete 
| 100|0x0000000086400000, 0x0000000086500000, 0x0000000086500000|100%|HC|  |TAMS 0x0000000086500000, 0x0000000086400000| Complete 
| 101|0x0000000086500000, 0x0000000086600000, 0x0000000086600000|100%|HC|  |TAMS 0x0000000086600000, 0x0000000086500000| Complete 
| 102|0x0000000086600000, 0x0000000086700000, 0x0000000086700000|100%|HS|  |TAMS 0x0000000086600000, 0x0000000086600000| Complete 
| 103|0x0000000086700000, 0x0000000086800000, 0x0000000086800000|100%| O|  |TAMS 0x0000000086700000, 0x0000000086700000| Untracked 
| 104|0x0000000086800000, 0x0000000086900000, 0x0000000086900000|100%| O|  |TAMS 0x0000000086800000, 0x0000000086800000| Untracked 
| 105|0x0000000086900000, 0x0000000086a00000, 0x0000000086a00000|100%| O|  |TAMS 0x0000000086900000, 0x0000000086900000| Untracked 
| 106|0x0000000086a00000, 0x0000000086b00000, 0x0000000086b00000|100%| O|  |TAMS 0x0000000086a00000, 0x0000000086a00000| Untracked 
| 107|0x0000000086b00000, 0x0000000086c00000, 0x0000000086c00000|100%| O|  |TAMS 0x0000000086b00000, 0x0000000086b00000| Untracked 
| 108|0x0000000086c00000, 0x0000000086d00000, 0x0000000086d00000|100%|HS|  |TAMS 0x0000000086c00000, 0x0000000086c00000| Complete 
| 109|0x0000000086d00000, 0x0000000086e00000, 0x0000000086e00000|100%| O|  |TAMS 0x0000000086e00000, 0x0000000086d00000| Untracked 
| 110|0x0000000086e00000, 0x0000000086f00000, 0x0000000086f00000|100%|HS|  |TAMS 0x0000000086e00000, 0x0000000086e00000| Complete 
| 111|0x0000000086f00000, 0x0000000087000000, 0x0000000087000000|100%| O|  |TAMS 0x0000000087000000, 0x0000000086f00000| Untracked 
| 112|0x0000000087000000, 0x0000000087100000, 0x0000000087100000|100%|HS|  |TAMS 0x0000000087000000, 0x0000000087000000| Complete 
| 113|0x0000000087100000, 0x0000000087200000, 0x0000000087200000|100%|HS|  |TAMS 0x0000000087200000, 0x0000000087100000| Complete 
| 114|0x0000000087200000, 0x0000000087300000, 0x0000000087300000|100%|HS|  |TAMS 0x0000000087300000, 0x0000000087200000| Complete 
| 115|0x0000000087300000, 0x0000000087400000, 0x0000000087400000|100%| O|  |TAMS 0x0000000087400000, 0x0000000087300000| Untracked 
| 116|0x0000000087400000, 0x0000000087500000, 0x0000000087500000|100%| O|  |TAMS 0x0000000087500000, 0x0000000087400000| Untracked 
| 117|0x0000000087500000, 0x0000000087600000, 0x0000000087600000|100%| O|  |TAMS 0x0000000087600000, 0x0000000087500000| Untracked 
| 118|0x0000000087600000, 0x0000000087700000, 0x0000000087700000|100%| O|  |TAMS 0x0000000087700000, 0x0000000087600000| Untracked 
| 119|0x0000000087700000, 0x0000000087800000, 0x0000000087800000|100%| O|  |TAMS 0x0000000087800000, 0x0000000087700000| Untracked 
| 120|0x0000000087800000, 0x0000000087900000, 0x0000000087900000|100%| O|  |TAMS 0x0000000087900000, 0x0000000087800000| Untracked 
| 121|0x0000000087900000, 0x0000000087a00000, 0x0000000087a00000|100%| O|  |TAMS 0x0000000087a00000, 0x0000000087900000| Untracked 
| 122|0x0000000087a00000, 0x0000000087b00000, 0x0000000087b00000|100%| O|  |TAMS 0x0000000087b00000, 0x0000000087a00000| Untracked 
| 123|0x0000000087b00000, 0x0000000087c00000, 0x0000000087c00000|100%| O|  |TAMS 0x0000000087c00000, 0x0000000087b00000| Untracked 
| 124|0x0000000087c00000, 0x0000000087d00000, 0x0000000087d00000|100%| O|  |TAMS 0x0000000087d00000, 0x0000000087c00000| Untracked 
| 125|0x0000000087d00000, 0x0000000087e00000, 0x0000000087e00000|100%| O|  |TAMS 0x0000000087e00000, 0x0000000087d00000| Untracked 
| 126|0x0000000087e00000, 0x0000000087f00000, 0x0000000087f00000|100%| O|  |TAMS 0x0000000087f00000, 0x0000000087e00000| Untracked 
| 127|0x0000000087f00000, 0x0000000088000000, 0x0000000088000000|100%| O|  |TAMS 0x0000000088000000, 0x0000000087f00000| Untracked 
| 128|0x0000000088000000, 0x0000000088100000, 0x0000000088100000|100%| O|  |TAMS 0x0000000088100000, 0x0000000088000000| Untracked 
| 129|0x0000000088100000, 0x0000000088200000, 0x0000000088200000|100%| O|  |TAMS 0x0000000088200000, 0x0000000088100000| Untracked 
| 130|0x0000000088200000, 0x0000000088300000, 0x0000000088300000|100%| O|  |TAMS 0x0000000088300000, 0x0000000088200000| Untracked 
| 131|0x0000000088300000, 0x0000000088400000, 0x0000000088400000|100%| O|  |TAMS 0x0000000088400000, 0x0000000088300000| Untracked 
| 132|0x0000000088400000, 0x0000000088500000, 0x0000000088500000|100%| O|  |TAMS 0x0000000088500000, 0x0000000088400000| Untracked 
| 133|0x0000000088500000, 0x0000000088600000, 0x0000000088600000|100%| O|  |TAMS 0x0000000088600000, 0x0000000088500000| Untracked 
| 134|0x0000000088600000, 0x0000000088700000, 0x0000000088700000|100%| O|  |TAMS 0x0000000088700000, 0x0000000088600000| Untracked 
| 135|0x0000000088700000, 0x0000000088800000, 0x0000000088800000|100%| O|  |TAMS 0x0000000088800000, 0x0000000088700000| Untracked 
| 136|0x0000000088800000, 0x0000000088900000, 0x0000000088900000|100%| O|  |TAMS 0x0000000088900000, 0x0000000088800000| Untracked 
| 137|0x0000000088900000, 0x0000000088a00000, 0x0000000088a00000|100%| O|  |TAMS 0x0000000088a00000, 0x0000000088900000| Untracked 
| 138|0x0000000088a00000, 0x0000000088b00000, 0x0000000088b00000|100%| O|  |TAMS 0x0000000088b00000, 0x0000000088a00000| Untracked 
| 139|0x0000000088b00000, 0x0000000088c00000, 0x0000000088c00000|100%| O|  |TAMS 0x0000000088c00000, 0x0000000088b00000| Untracked 
| 140|0x0000000088c00000, 0x0000000088d00000, 0x0000000088d00000|100%| O|  |TAMS 0x0000000088d00000, 0x0000000088c00000| Untracked 
| 141|0x0000000088d00000, 0x0000000088e00000, 0x0000000088e00000|100%| O|  |TAMS 0x0000000088e00000, 0x0000000088d00000| Untracked 
| 142|0x0000000088e00000, 0x0000000088f00000, 0x0000000088f00000|100%| O|  |TAMS 0x0000000088f00000, 0x0000000088e00000| Untracked 
| 143|0x0000000088f00000, 0x0000000089000000, 0x0000000089000000|100%| O|  |TAMS 0x0000000089000000, 0x0000000088f00000| Untracked 
| 144|0x0000000089000000, 0x0000000089100000, 0x0000000089100000|100%| O|  |TAMS 0x0000000089100000, 0x0000000089000000| Untracked 
| 145|0x0000000089100000, 0x0000000089200000, 0x0000000089200000|100%| O|  |TAMS 0x0000000089200000, 0x0000000089100000| Untracked 
| 146|0x0000000089200000, 0x0000000089300000, 0x0000000089300000|100%| O|  |TAMS 0x0000000089300000, 0x0000000089200000| Untracked 
| 147|0x0000000089300000, 0x0000000089400000, 0x0000000089400000|100%| O|  |TAMS 0x0000000089400000, 0x0000000089300000| Untracked 
| 148|0x0000000089400000, 0x0000000089500000, 0x0000000089500000|100%| O|  |TAMS 0x0000000089500000, 0x0000000089400000| Untracked 
| 149|0x0000000089500000, 0x0000000089600000, 0x0000000089600000|100%| O|  |TAMS 0x0000000089600000, 0x0000000089500000| Untracked 
| 150|0x0000000089600000, 0x0000000089700000, 0x0000000089700000|100%| O|  |TAMS 0x0000000089700000, 0x0000000089600000| Untracked 
| 151|0x0000000089700000, 0x0000000089800000, 0x0000000089800000|100%|HS|  |TAMS 0x0000000089700000, 0x0000000089700000| Complete 
| 152|0x0000000089800000, 0x0000000089900000, 0x0000000089900000|100%| O|  |TAMS 0x0000000089900000, 0x0000000089800000| Untracked 
| 153|0x0000000089900000, 0x0000000089a00000, 0x0000000089a00000|100%| O|  |TAMS 0x0000000089a00000, 0x0000000089900000| Untracked 
| 154|0x0000000089a00000, 0x0000000089b00000, 0x0000000089b00000|100%| O|  |TAMS 0x0000000089b00000, 0x0000000089a00000| Untracked 
| 155|0x0000000089b00000, 0x0000000089c00000, 0x0000000089c00000|100%|HS|  |TAMS 0x0000000089b00000, 0x0000000089b00000| Complete 
| 156|0x0000000089c00000, 0x0000000089d00000, 0x0000000089d00000|100%| O|  |TAMS 0x0000000089d00000, 0x0000000089c00000| Untracked 
| 157|0x0000000089d00000, 0x0000000089e00000, 0x0000000089e00000|100%| O|  |TAMS 0x0000000089e00000, 0x0000000089d00000| Untracked 
| 158|0x0000000089e00000, 0x0000000089f00000, 0x0000000089f00000|100%| O|  |TAMS 0x0000000089f00000, 0x0000000089e00000| Untracked 
| 159|0x0000000089f00000, 0x000000008a000000, 0x000000008a000000|100%| O|  |TAMS 0x000000008a000000, 0x0000000089f00000| Untracked 
| 160|0x000000008a000000, 0x000000008a100000, 0x000000008a100000|100%| O|  |TAMS 0x000000008a100000, 0x000000008a000000| Untracked 
| 161|0x000000008a100000, 0x000000008a200000, 0x000000008a200000|100%| O|  |TAMS 0x000000008a200000, 0x000000008a100000| Untracked 
| 162|0x000000008a200000, 0x000000008a300000, 0x000000008a300000|100%| O|  |TAMS 0x000000008a300000, 0x000000008a200000| Untracked 
| 163|0x000000008a300000, 0x000000008a400000, 0x000000008a400000|100%| O|  |TAMS 0x000000008a400000, 0x000000008a300000| Untracked 
| 164|0x000000008a400000, 0x000000008a500000, 0x000000008a500000|100%| O|  |TAMS 0x000000008a500000, 0x000000008a400000| Untracked 
| 165|0x000000008a500000, 0x000000008a600000, 0x000000008a600000|100%| O|  |TAMS 0x000000008a600000, 0x000000008a500000| Untracked 
| 166|0x000000008a600000, 0x000000008a700000, 0x000000008a700000|100%| O|  |TAMS 0x000000008a700000, 0x000000008a600000| Untracked 
| 167|0x000000008a700000, 0x000000008a800000, 0x000000008a800000|100%| O|  |TAMS 0x000000008a800000, 0x000000008a700000| Untracked 
| 168|0x000000008a800000, 0x000000008a900000, 0x000000008a900000|100%| O|  |TAMS 0x000000008a900000, 0x000000008a800000| Untracked 
| 169|0x000000008a900000, 0x000000008aa00000, 0x000000008aa00000|100%| O|  |TAMS 0x000000008aa00000, 0x000000008a900000| Untracked 
| 170|0x000000008aa00000, 0x000000008ab00000, 0x000000008ab00000|100%| O|  |TAMS 0x000000008ab00000, 0x000000008aa00000| Untracked 
| 171|0x000000008ab00000, 0x000000008ac00000, 0x000000008ac00000|100%| O|  |TAMS 0x000000008ac00000, 0x000000008ab00000| Untracked 
| 172|0x000000008ac00000, 0x000000008ad00000, 0x000000008ad00000|100%| O|  |TAMS 0x000000008ad00000, 0x000000008ac00000| Untracked 
| 173|0x000000008ad00000, 0x000000008ae00000, 0x000000008ae00000|100%| O|  |TAMS 0x000000008ae00000, 0x000000008ad00000| Untracked 
| 174|0x000000008ae00000, 0x000000008af00000, 0x000000008af00000|100%| O|  |TAMS 0x000000008af00000, 0x000000008ae00000| Untracked 
| 175|0x000000008af00000, 0x000000008b000000, 0x000000008b000000|100%| O|  |TAMS 0x000000008b000000, 0x000000008af00000| Untracked 
| 176|0x000000008b000000, 0x000000008b100000, 0x000000008b100000|100%| O|  |TAMS 0x000000008b100000, 0x000000008b000000| Untracked 
| 177|0x000000008b100000, 0x000000008b200000, 0x000000008b200000|100%|HS|  |TAMS 0x000000008b100000, 0x000000008b100000| Complete 
| 178|0x000000008b200000, 0x000000008b300000, 0x000000008b300000|100%|HC|  |TAMS 0x000000008b200000, 0x000000008b200000| Complete 
| 179|0x000000008b300000, 0x000000008b400000, 0x000000008b400000|100%|HS|  |TAMS 0x000000008b300000, 0x000000008b300000| Complete 
| 180|0x000000008b400000, 0x000000008b500000, 0x000000008b500000|100%|HC|  |TAMS 0x000000008b400000, 0x000000008b400000| Complete 
| 181|0x000000008b500000, 0x000000008b600000, 0x000000008b600000|100%|HS|  |TAMS 0x000000008b500000, 0x000000008b500000| Complete 
| 182|0x000000008b600000, 0x000000008b700000, 0x000000008b700000|100%|HC|  |TAMS 0x000000008b600000, 0x000000008b600000| Complete 
| 183|0x000000008b700000, 0x000000008b800000, 0x000000008b800000|100%|HS|  |TAMS 0x000000008b700000, 0x000000008b700000| Complete 
| 184|0x000000008b800000, 0x000000008b900000, 0x000000008b900000|100%|HC|  |TAMS 0x000000008b800000, 0x000000008b800000| Complete 
| 185|0x000000008b900000, 0x000000008ba00000, 0x000000008ba00000|100%|HS|  |TAMS 0x000000008b900000, 0x000000008b900000| Complete 
| 186|0x000000008ba00000, 0x000000008bb00000, 0x000000008bb00000|100%| O|  |TAMS 0x000000008bb00000, 0x000000008ba00000| Untracked 
| 187|0x000000008bb00000, 0x000000008bc00000, 0x000000008bc00000|100%| O|  |TAMS 0x000000008bc00000, 0x000000008bb00000| Untracked 
| 188|0x000000008bc00000, 0x000000008bc00000, 0x000000008bd00000|  0%| F|  |TAMS 0x000000008bc00000, 0x000000008bc00000| Untracked 
| 189|0x000000008bd00000, 0x000000008be00000, 0x000000008be00000|100%| O|  |TAMS 0x000000008be00000, 0x000000008bd00000| Untracked 
| 190|0x000000008be00000, 0x000000008bf00000, 0x000000008bf00000|100%|HS|  |TAMS 0x000000008be00000, 0x000000008be00000| Complete 
| 191|0x000000008bf00000, 0x000000008c000000, 0x000000008c000000|100%| O|  |TAMS 0x000000008c000000, 0x000000008bf00000| Untracked 
| 192|0x000000008c000000, 0x000000008c100000, 0x000000008c100000|100%|HS|  |TAMS 0x000000008c000000, 0x000000008c000000| Complete 
| 193|0x000000008c100000, 0x000000008c200000, 0x000000008c200000|100%|HS|  |TAMS 0x000000008c100000, 0x000000008c100000| Complete 
| 194|0x000000008c200000, 0x000000008c300000, 0x000000008c300000|100%|HC|  |TAMS 0x000000008c200000, 0x000000008c200000| Complete 
| 195|0x000000008c300000, 0x000000008c400000, 0x000000008c400000|100%|HS|  |TAMS 0x000000008c300000, 0x000000008c300000| Complete 
| 196|0x000000008c400000, 0x000000008c500000, 0x000000008c500000|100%|HS|  |TAMS 0x000000008c400000, 0x000000008c400000| Complete 
| 197|0x000000008c500000, 0x000000008c600000, 0x000000008c600000|100%|HC|  |TAMS 0x000000008c500000, 0x000000008c500000| Complete 
| 198|0x000000008c600000, 0x000000008c700000, 0x000000008c700000|100%|HC|  |TAMS 0x000000008c600000, 0x000000008c600000| Complete 
| 199|0x000000008c700000, 0x000000008c800000, 0x000000008c800000|100%|HC|  |TAMS 0x000000008c700000, 0x000000008c700000| Complete 
| 200|0x000000008c800000, 0x000000008c900000, 0x000000008c900000|100%|HC|  |TAMS 0x000000008c800000, 0x000000008c800000| Complete 
| 201|0x000000008c900000, 0x000000008ca00000, 0x000000008ca00000|100%|HC|  |TAMS 0x000000008c900000, 0x000000008c900000| Complete 
| 202|0x000000008ca00000, 0x000000008cb00000, 0x000000008cb00000|100%|HC|  |TAMS 0x000000008ca00000, 0x000000008ca00000| Complete 
| 203|0x000000008cb00000, 0x000000008cc00000, 0x000000008cc00000|100%|HC|  |TAMS 0x000000008cb00000, 0x000000008cb00000| Complete 
| 204|0x000000008cc00000, 0x000000008cd00000, 0x000000008cd00000|100%| O|  |TAMS 0x000000008cc00000, 0x000000008cc00000| Untracked 
| 205|0x000000008cd00000, 0x000000008ce00000, 0x000000008ce00000|100%| O|  |TAMS 0x000000008cd00000, 0x000000008cd00000| Untracked 
| 206|0x000000008ce00000, 0x000000008cf00000, 0x000000008cf00000|100%| O|  |TAMS 0x000000008ce00000, 0x000000008ce00000| Untracked 
| 207|0x000000008cf00000, 0x000000008d000000, 0x000000008d000000|100%| O|  |TAMS 0x000000008cf00000, 0x000000008cf00000| Untracked 
| 208|0x000000008d000000, 0x000000008d100000, 0x000000008d100000|100%| O|  |TAMS 0x000000008d000000, 0x000000008d000000| Untracked 
| 209|0x000000008d100000, 0x000000008d200000, 0x000000008d200000|100%| O|  |TAMS 0x000000008d100000, 0x000000008d100000| Untracked 
| 210|0x000000008d200000, 0x000000008d250200, 0x000000008d300000| 31%| O|  |TAMS 0x000000008d200000, 0x000000008d200000| Untracked 
| 211|0x000000008d300000, 0x000000008d300000, 0x000000008d400000|  0%| F|  |TAMS 0x000000008d300000, 0x000000008d300000| Untracked 
| 212|0x000000008d400000, 0x000000008d400000, 0x000000008d500000|  0%| F|  |TAMS 0x000000008d400000, 0x000000008d400000| Untracked 
| 213|0x000000008d500000, 0x000000008d500000, 0x000000008d600000|  0%| F|  |TAMS 0x000000008d500000, 0x000000008d500000| Untracked 
| 214|0x000000008d600000, 0x000000008d600000, 0x000000008d700000|  0%| F|  |TAMS 0x000000008d600000, 0x000000008d600000| Untracked 
| 215|0x000000008d700000, 0x000000008d700000, 0x000000008d800000|  0%| F|  |TAMS 0x000000008d700000, 0x000000008d700000| Untracked 
| 216|0x000000008d800000, 0x000000008d800000, 0x000000008d900000|  0%| F|  |TAMS 0x000000008d800000, 0x000000008d800000| Untracked 
| 217|0x000000008d900000, 0x000000008d900000, 0x000000008da00000|  0%| F|  |TAMS 0x000000008d900000, 0x000000008d900000| Untracked 
| 218|0x000000008da00000, 0x000000008da00000, 0x000000008db00000|  0%| F|  |TAMS 0x000000008da00000, 0x000000008da00000| Untracked 
| 219|0x000000008db00000, 0x000000008db00000, 0x000000008dc00000|  0%| F|  |TAMS 0x000000008db00000, 0x000000008db00000| Untracked 
| 220|0x000000008dc00000, 0x000000008dc00000, 0x000000008dd00000|  0%| F|  |TAMS 0x000000008dc00000, 0x000000008dc00000| Untracked 
| 221|0x000000008dd00000, 0x000000008dd00000, 0x000000008de00000|  0%| F|  |TAMS 0x000000008dd00000, 0x000000008dd00000| Untracked 
| 222|0x000000008de00000, 0x000000008de00000, 0x000000008df00000|  0%| F|  |TAMS 0x000000008de00000, 0x000000008de00000| Untracked 
| 223|0x000000008df00000, 0x000000008df00000, 0x000000008e000000|  0%| F|  |TAMS 0x000000008df00000, 0x000000008df00000| Untracked 
| 224|0x000000008e000000, 0x000000008e000000, 0x000000008e100000|  0%| F|  |TAMS 0x000000008e000000, 0x000000008e000000| Untracked 
| 225|0x000000008e100000, 0x000000008e100000, 0x000000008e200000|  0%| F|  |TAMS 0x000000008e100000, 0x000000008e100000| Untracked 
| 226|0x000000008e200000, 0x000000008e200000, 0x000000008e300000|  0%| F|  |TAMS 0x000000008e200000, 0x000000008e200000| Untracked 
| 227|0x000000008e300000, 0x000000008e300000, 0x000000008e400000|  0%| F|  |TAMS 0x000000008e300000, 0x000000008e300000| Untracked 
| 228|0x000000008e400000, 0x000000008e400000, 0x000000008e500000|  0%| F|  |TAMS 0x000000008e400000, 0x000000008e400000| Untracked 
| 229|0x000000008e500000, 0x000000008e500000, 0x000000008e600000|  0%| F|  |TAMS 0x000000008e500000, 0x000000008e500000| Untracked 
| 230|0x000000008e600000, 0x000000008e600000, 0x000000008e700000|  0%| F|  |TAMS 0x000000008e600000, 0x000000008e600000| Untracked 
| 231|0x000000008e700000, 0x000000008e700000, 0x000000008e800000|  0%| F|  |TAMS 0x000000008e700000, 0x000000008e700000| Untracked 
| 232|0x000000008e800000, 0x000000008e800000, 0x000000008e900000|  0%| F|  |TAMS 0x000000008e800000, 0x000000008e800000| Untracked 
| 233|0x000000008e900000, 0x000000008e900000, 0x000000008ea00000|  0%| F|  |TAMS 0x000000008e900000, 0x000000008e900000| Untracked 
| 234|0x000000008ea00000, 0x000000008ea00000, 0x000000008eb00000|  0%| F|  |TAMS 0x000000008ea00000, 0x000000008ea00000| Untracked 
| 235|0x000000008eb00000, 0x000000008eb00000, 0x000000008ec00000|  0%| F|  |TAMS 0x000000008eb00000, 0x000000008eb00000| Untracked 
| 236|0x000000008ec00000, 0x000000008ec00000, 0x000000008ed00000|  0%| F|  |TAMS 0x000000008ec00000, 0x000000008ec00000| Untracked 
| 237|0x000000008ed00000, 0x000000008ed00000, 0x000000008ee00000|  0%| F|  |TAMS 0x000000008ed00000, 0x000000008ed00000| Untracked 
| 238|0x000000008ee00000, 0x000000008ee00000, 0x000000008ef00000|  0%| F|  |TAMS 0x000000008ee00000, 0x000000008ee00000| Untracked 
| 239|0x000000008ef00000, 0x000000008ef00000, 0x000000008f000000|  0%| F|  |TAMS 0x000000008ef00000, 0x000000008ef00000| Untracked 
| 240|0x000000008f000000, 0x000000008f000000, 0x000000008f100000|  0%| F|  |TAMS 0x000000008f000000, 0x000000008f000000| Untracked 
| 241|0x000000008f100000, 0x000000008f100000, 0x000000008f200000|  0%| F|  |TAMS 0x000000008f100000, 0x000000008f100000| Untracked 
| 242|0x000000008f200000, 0x000000008f200000, 0x000000008f300000|  0%| F|  |TAMS 0x000000008f200000, 0x000000008f200000| Untracked 
| 243|0x000000008f300000, 0x000000008f300000, 0x000000008f400000|  0%| F|  |TAMS 0x000000008f300000, 0x000000008f300000| Untracked 
| 244|0x000000008f400000, 0x000000008f400000, 0x000000008f500000|  0%| F|  |TAMS 0x000000008f400000, 0x000000008f400000| Untracked 
| 245|0x000000008f500000, 0x000000008f500000, 0x000000008f600000|  0%| F|  |TAMS 0x000000008f500000, 0x000000008f500000| Untracked 
| 246|0x000000008f600000, 0x000000008f600000, 0x000000008f700000|  0%| F|  |TAMS 0x000000008f600000, 0x000000008f600000| Untracked 
| 247|0x000000008f700000, 0x000000008f700000, 0x000000008f800000|  0%| F|  |TAMS 0x000000008f700000, 0x000000008f700000| Untracked 
| 248|0x000000008f800000, 0x000000008f800000, 0x000000008f900000|  0%| F|  |TAMS 0x000000008f800000, 0x000000008f800000| Untracked 
| 249|0x000000008f900000, 0x000000008f900000, 0x000000008fa00000|  0%| F|  |TAMS 0x000000008f900000, 0x000000008f900000| Untracked 
| 250|0x000000008fa00000, 0x000000008fa00000, 0x000000008fb00000|  0%| F|  |TAMS 0x000000008fa00000, 0x000000008fa00000| Untracked 
| 251|0x000000008fb00000, 0x000000008fb00000, 0x000000008fc00000|  0%| F|  |TAMS 0x000000008fb00000, 0x000000008fb00000| Untracked 
| 252|0x000000008fc00000, 0x000000008fc00000, 0x000000008fd00000|  0%| F|  |TAMS 0x000000008fc00000, 0x000000008fc00000| Untracked 
| 253|0x000000008fd00000, 0x000000008fd00000, 0x000000008fe00000|  0%| F|  |TAMS 0x000000008fd00000, 0x000000008fd00000| Untracked 
| 254|0x000000008fe00000, 0x000000008fe00000, 0x000000008ff00000|  0%| F|  |TAMS 0x000000008fe00000, 0x000000008fe00000| Untracked 
| 255|0x000000008ff00000, 0x000000008ff00000, 0x0000000090000000|  0%| F|  |TAMS 0x000000008ff00000, 0x000000008ff00000| Untracked 
| 256|0x0000000090000000, 0x0000000090000000, 0x0000000090100000|  0%| F|  |TAMS 0x0000000090000000, 0x0000000090000000| Untracked 
| 257|0x0000000090100000, 0x0000000090100000, 0x0000000090200000|  0%| F|  |TAMS 0x0000000090100000, 0x0000000090100000| Untracked 
| 258|0x0000000090200000, 0x0000000090200000, 0x0000000090300000|  0%| F|  |TAMS 0x0000000090200000, 0x0000000090200000| Untracked 
| 259|0x0000000090300000, 0x0000000090300000, 0x0000000090400000|  0%| F|  |TAMS 0x0000000090300000, 0x0000000090300000| Untracked 
| 260|0x0000000090400000, 0x0000000090400000, 0x0000000090500000|  0%| F|  |TAMS 0x0000000090400000, 0x0000000090400000| Untracked 
| 261|0x0000000090500000, 0x0000000090500000, 0x0000000090600000|  0%| F|  |TAMS 0x0000000090500000, 0x0000000090500000| Untracked 
| 262|0x0000000090600000, 0x0000000090600000, 0x0000000090700000|  0%| F|  |TAMS 0x0000000090600000, 0x0000000090600000| Untracked 
| 263|0x0000000090700000, 0x0000000090700000, 0x0000000090800000|  0%| F|  |TAMS 0x0000000090700000, 0x0000000090700000| Untracked 
| 264|0x0000000090800000, 0x0000000090800000, 0x0000000090900000|  0%| F|  |TAMS 0x0000000090800000, 0x0000000090800000| Untracked 
| 265|0x0000000090900000, 0x0000000090900000, 0x0000000090a00000|  0%| F|  |TAMS 0x0000000090900000, 0x0000000090900000| Untracked 
| 266|0x0000000090a00000, 0x0000000090a00000, 0x0000000090b00000|  0%| F|  |TAMS 0x0000000090a00000, 0x0000000090a00000| Untracked 
| 267|0x0000000090b00000, 0x0000000090b00000, 0x0000000090c00000|  0%| F|  |TAMS 0x0000000090b00000, 0x0000000090b00000| Untracked 
| 268|0x0000000090c00000, 0x0000000090c00000, 0x0000000090d00000|  0%| F|  |TAMS 0x0000000090c00000, 0x0000000090c00000| Untracked 
| 269|0x0000000090d00000, 0x0000000090d00000, 0x0000000090e00000|  0%| F|  |TAMS 0x0000000090d00000, 0x0000000090d00000| Untracked 
| 270|0x0000000090e00000, 0x0000000090e00000, 0x0000000090f00000|  0%| F|  |TAMS 0x0000000090e00000, 0x0000000090e00000| Untracked 
| 271|0x0000000090f00000, 0x0000000090f00000, 0x0000000091000000|  0%| F|  |TAMS 0x0000000090f00000, 0x0000000090f00000| Untracked 
| 272|0x0000000091000000, 0x0000000091000000, 0x0000000091100000|  0%| F|  |TAMS 0x0000000091000000, 0x0000000091000000| Untracked 
| 273|0x0000000091100000, 0x0000000091100000, 0x0000000091200000|  0%| F|  |TAMS 0x0000000091100000, 0x0000000091100000| Untracked 
| 274|0x0000000091200000, 0x0000000091200000, 0x0000000091300000|  0%| F|  |TAMS 0x0000000091200000, 0x0000000091200000| Untracked 
| 275|0x0000000091300000, 0x0000000091300000, 0x0000000091400000|  0%| F|  |TAMS 0x0000000091300000, 0x0000000091300000| Untracked 
| 276|0x0000000091400000, 0x0000000091400000, 0x0000000091500000|  0%| F|  |TAMS 0x0000000091400000, 0x0000000091400000| Untracked 
| 277|0x0000000091500000, 0x0000000091500000, 0x0000000091600000|  0%| F|  |TAMS 0x0000000091500000, 0x0000000091500000| Untracked 
| 278|0x0000000091600000, 0x0000000091600000, 0x0000000091700000|  0%| F|  |TAMS 0x0000000091600000, 0x0000000091600000| Untracked 
| 279|0x0000000091700000, 0x0000000091700000, 0x0000000091800000|  0%| F|  |TAMS 0x0000000091700000, 0x0000000091700000| Untracked 
| 280|0x0000000091800000, 0x0000000091800000, 0x0000000091900000|  0%| F|  |TAMS 0x0000000091800000, 0x0000000091800000| Untracked 
| 281|0x0000000091900000, 0x0000000091900000, 0x0000000091a00000|  0%| F|  |TAMS 0x0000000091900000, 0x0000000091900000| Untracked 
| 282|0x0000000091a00000, 0x0000000091a00000, 0x0000000091b00000|  0%| F|  |TAMS 0x0000000091a00000, 0x0000000091a00000| Untracked 
| 283|0x0000000091b00000, 0x0000000091b00000, 0x0000000091c00000|  0%| F|  |TAMS 0x0000000091b00000, 0x0000000091b00000| Untracked 
| 284|0x0000000091c00000, 0x0000000091c00000, 0x0000000091d00000|  0%| F|  |TAMS 0x0000000091c00000, 0x0000000091c00000| Untracked 
| 285|0x0000000091d00000, 0x0000000091e00000, 0x0000000091e00000|100%| S|CS|TAMS 0x0000000091d00000, 0x0000000091d00000| Complete 
| 286|0x0000000091e00000, 0x0000000091f00000, 0x0000000091f00000|100%| S|CS|TAMS 0x0000000091e00000, 0x0000000091e00000| Complete 
| 287|0x0000000091f00000, 0x0000000092000000, 0x0000000092000000|100%| S|CS|TAMS 0x0000000091f00000, 0x0000000091f00000| Complete 
| 288|0x0000000092000000, 0x0000000092100000, 0x0000000092100000|100%| S|CS|TAMS 0x0000000092000000, 0x0000000092000000| Complete 
| 289|0x0000000092100000, 0x0000000092200000, 0x0000000092200000|100%| S|CS|TAMS 0x0000000092100000, 0x0000000092100000| Complete 
| 290|0x0000000092200000, 0x0000000092200000, 0x0000000092300000|  0%| F|  |TAMS 0x0000000092200000, 0x0000000092200000| Untracked 
| 291|0x0000000092300000, 0x0000000092300000, 0x0000000092400000|  0%| F|  |TAMS 0x0000000092300000, 0x0000000092300000| Untracked 
| 292|0x0000000092400000, 0x0000000092400000, 0x0000000092500000|  0%| F|  |TAMS 0x0000000092400000, 0x0000000092400000| Untracked 
| 293|0x0000000092500000, 0x0000000092500000, 0x0000000092600000|  0%| F|  |TAMS 0x0000000092500000, 0x0000000092500000| Untracked 
| 294|0x0000000092600000, 0x0000000092600000, 0x0000000092700000|  0%| F|  |TAMS 0x0000000092600000, 0x0000000092600000| Untracked 
| 295|0x0000000092700000, 0x0000000092700000, 0x0000000092800000|  0%| F|  |TAMS 0x0000000092700000, 0x0000000092700000| Untracked 
| 296|0x0000000092800000, 0x0000000092800000, 0x0000000092900000|  0%| F|  |TAMS 0x0000000092800000, 0x0000000092800000| Untracked 
| 297|0x0000000092900000, 0x0000000092a00000, 0x0000000092a00000|100%| S|CS|TAMS 0x0000000092900000, 0x0000000092900000| Complete 
| 298|0x0000000092a00000, 0x0000000092b00000, 0x0000000092b00000|100%| S|CS|TAMS 0x0000000092a00000, 0x0000000092a00000| Complete 
| 299|0x0000000092b00000, 0x0000000092c00000, 0x0000000092c00000|100%| S|CS|TAMS 0x0000000092b00000, 0x0000000092b00000| Complete 
| 300|0x0000000092c00000, 0x0000000092c00000, 0x0000000092d00000|  0%| F|  |TAMS 0x0000000092c00000, 0x0000000092c00000| Untracked 
| 301|0x0000000092d00000, 0x0000000092d00000, 0x0000000092e00000|  0%| F|  |TAMS 0x0000000092d00000, 0x0000000092d00000| Untracked 
| 302|0x0000000092e00000, 0x0000000092e00000, 0x0000000092f00000|  0%| F|  |TAMS 0x0000000092e00000, 0x0000000092e00000| Untracked 
| 303|0x0000000092f00000, 0x0000000092f00000, 0x0000000093000000|  0%| F|  |TAMS 0x0000000092f00000, 0x0000000092f00000| Untracked 
| 304|0x0000000093000000, 0x0000000093000000, 0x0000000093100000|  0%| F|  |TAMS 0x0000000093000000, 0x0000000093000000| Untracked 
| 305|0x0000000093100000, 0x0000000093100000, 0x0000000093200000|  0%| F|  |TAMS 0x0000000093100000, 0x0000000093100000| Untracked 
| 306|0x0000000093200000, 0x0000000093200000, 0x0000000093300000|  0%| F|  |TAMS 0x0000000093200000, 0x0000000093200000| Untracked 
| 307|0x0000000093300000, 0x0000000093300000, 0x0000000093400000|  0%| F|  |TAMS 0x0000000093300000, 0x0000000093300000| Untracked 
| 308|0x0000000093400000, 0x0000000093400000, 0x0000000093500000|  0%| F|  |TAMS 0x0000000093400000, 0x0000000093400000| Untracked 
| 309|0x0000000093500000, 0x0000000093500000, 0x0000000093600000|  0%| F|  |TAMS 0x0000000093500000, 0x0000000093500000| Untracked 
| 310|0x0000000093600000, 0x0000000093600000, 0x0000000093700000|  0%| F|  |TAMS 0x0000000093600000, 0x0000000093600000| Untracked 
| 311|0x0000000093700000, 0x0000000093700000, 0x0000000093800000|  0%| F|  |TAMS 0x0000000093700000, 0x0000000093700000| Untracked 
| 312|0x0000000093800000, 0x0000000093800000, 0x0000000093900000|  0%| F|  |TAMS 0x0000000093800000, 0x0000000093800000| Untracked 
| 313|0x0000000093900000, 0x0000000093900000, 0x0000000093a00000|  0%| F|  |TAMS 0x0000000093900000, 0x0000000093900000| Untracked 
| 314|0x0000000093a00000, 0x0000000093a00000, 0x0000000093b00000|  0%| F|  |TAMS 0x0000000093a00000, 0x0000000093a00000| Untracked 
| 315|0x0000000093b00000, 0x0000000093b00000, 0x0000000093c00000|  0%| F|  |TAMS 0x0000000093b00000, 0x0000000093b00000| Untracked 
| 316|0x0000000093c00000, 0x0000000093c00000, 0x0000000093d00000|  0%| F|  |TAMS 0x0000000093c00000, 0x0000000093c00000| Untracked 
| 317|0x0000000093d00000, 0x0000000093d00000, 0x0000000093e00000|  0%| F|  |TAMS 0x0000000093d00000, 0x0000000093d00000| Untracked 
| 318|0x0000000093e00000, 0x0000000093e00000, 0x0000000093f00000|  0%| F|  |TAMS 0x0000000093e00000, 0x0000000093e00000| Untracked 
| 319|0x0000000093f00000, 0x0000000093f00000, 0x0000000094000000|  0%| F|  |TAMS 0x0000000093f00000, 0x0000000093f00000| Untracked 
| 320|0x0000000094000000, 0x0000000094000000, 0x0000000094100000|  0%| F|  |TAMS 0x0000000094000000, 0x0000000094000000| Untracked 
| 321|0x0000000094100000, 0x0000000094100000, 0x0000000094200000|  0%| F|  |TAMS 0x0000000094100000, 0x0000000094100000| Untracked 
| 322|0x0000000094200000, 0x0000000094200000, 0x0000000094300000|  0%| F|  |TAMS 0x0000000094200000, 0x0000000094200000| Untracked 
| 323|0x0000000094300000, 0x0000000094300000, 0x0000000094400000|  0%| F|  |TAMS 0x0000000094300000, 0x0000000094300000| Untracked 
| 324|0x0000000094400000, 0x0000000094400000, 0x0000000094500000|  0%| F|  |TAMS 0x0000000094400000, 0x0000000094400000| Untracked 
| 325|0x0000000094500000, 0x0000000094500000, 0x0000000094600000|  0%| F|  |TAMS 0x0000000094500000, 0x0000000094500000| Untracked 
| 326|0x0000000094600000, 0x0000000094600000, 0x0000000094700000|  0%| F|  |TAMS 0x0000000094600000, 0x0000000094600000| Untracked 
| 327|0x0000000094700000, 0x0000000094700000, 0x0000000094800000|  0%| F|  |TAMS 0x0000000094700000, 0x0000000094700000| Untracked 
| 328|0x0000000094800000, 0x0000000094800000, 0x0000000094900000|  0%| F|  |TAMS 0x0000000094800000, 0x0000000094800000| Untracked 
| 329|0x0000000094900000, 0x0000000094900000, 0x0000000094a00000|  0%| F|  |TAMS 0x0000000094900000, 0x0000000094900000| Untracked 
| 330|0x0000000094a00000, 0x0000000094a00000, 0x0000000094b00000|  0%| F|  |TAMS 0x0000000094a00000, 0x0000000094a00000| Untracked 
| 331|0x0000000094b00000, 0x0000000094b00000, 0x0000000094c00000|  0%| F|  |TAMS 0x0000000094b00000, 0x0000000094b00000| Untracked 
| 332|0x0000000094c00000, 0x0000000094c00000, 0x0000000094d00000|  0%| F|  |TAMS 0x0000000094c00000, 0x0000000094c00000| Untracked 
| 333|0x0000000094d00000, 0x0000000094d00000, 0x0000000094e00000|  0%| F|  |TAMS 0x0000000094d00000, 0x0000000094d00000| Untracked 
| 334|0x0000000094e00000, 0x0000000094e00000, 0x0000000094f00000|  0%| F|  |TAMS 0x0000000094e00000, 0x0000000094e00000| Untracked 
| 335|0x0000000094f00000, 0x0000000094f00000, 0x0000000095000000|  0%| F|  |TAMS 0x0000000094f00000, 0x0000000094f00000| Untracked 
| 336|0x0000000095000000, 0x0000000095000000, 0x0000000095100000|  0%| F|  |TAMS 0x0000000095000000, 0x0000000095000000| Untracked 
| 337|0x0000000095100000, 0x0000000095100000, 0x0000000095200000|  0%| F|  |TAMS 0x0000000095100000, 0x0000000095100000| Untracked 
| 338|0x0000000095200000, 0x0000000095200000, 0x0000000095300000|  0%| F|  |TAMS 0x0000000095200000, 0x0000000095200000| Untracked 
| 339|0x0000000095300000, 0x0000000095300000, 0x0000000095400000|  0%| F|  |TAMS 0x0000000095300000, 0x0000000095300000| Untracked 
| 340|0x0000000095400000, 0x0000000095400000, 0x0000000095500000|  0%| F|  |TAMS 0x0000000095400000, 0x0000000095400000| Untracked 
| 341|0x0000000095500000, 0x0000000095500000, 0x0000000095600000|  0%| F|  |TAMS 0x0000000095500000, 0x0000000095500000| Untracked 
| 342|0x0000000095600000, 0x0000000095600000, 0x0000000095700000|  0%| F|  |TAMS 0x0000000095600000, 0x0000000095600000| Untracked 
| 343|0x0000000095700000, 0x0000000095700000, 0x0000000095800000|  0%| F|  |TAMS 0x0000000095700000, 0x0000000095700000| Untracked 
| 344|0x0000000095800000, 0x0000000095800000, 0x0000000095900000|  0%| F|  |TAMS 0x0000000095800000, 0x0000000095800000| Untracked 
| 345|0x0000000095900000, 0x0000000095900000, 0x0000000095a00000|  0%| F|  |TAMS 0x0000000095900000, 0x0000000095900000| Untracked 
| 346|0x0000000095a00000, 0x0000000095a00000, 0x0000000095b00000|  0%| F|  |TAMS 0x0000000095a00000, 0x0000000095a00000| Untracked 
| 347|0x0000000095b00000, 0x0000000095b00000, 0x0000000095c00000|  0%| F|  |TAMS 0x0000000095b00000, 0x0000000095b00000| Untracked 
| 348|0x0000000095c00000, 0x0000000095c00000, 0x0000000095d00000|  0%| F|  |TAMS 0x0000000095c00000, 0x0000000095c00000| Untracked 
| 349|0x0000000095d00000, 0x0000000095d00000, 0x0000000095e00000|  0%| F|  |TAMS 0x0000000095d00000, 0x0000000095d00000| Untracked 
| 350|0x0000000095e00000, 0x0000000095e00000, 0x0000000095f00000|  0%| F|  |TAMS 0x0000000095e00000, 0x0000000095e00000| Untracked 
| 351|0x0000000095f00000, 0x0000000095f00000, 0x0000000096000000|  0%| F|  |TAMS 0x0000000095f00000, 0x0000000095f00000| Untracked 
| 352|0x0000000096000000, 0x0000000096000000, 0x0000000096100000|  0%| F|  |TAMS 0x0000000096000000, 0x0000000096000000| Untracked 
| 353|0x0000000096100000, 0x0000000096100000, 0x0000000096200000|  0%| F|  |TAMS 0x0000000096100000, 0x0000000096100000| Untracked 

Card table byte_map: [0x0000018232c00000,0x0000018233000000] _byte_map_base: 0x0000018232800000

Marking Bits (Prev, Next): (CMBitMap*) 0x000001821fd3bbb0, (CMBitMap*) 0x000001821fd3bb78
 Prev Bits: [0x0000018235400000, 0x0000018237400000)
 Next Bits: [0x0000018233400000, 0x0000018235400000)

Polling page: 0x000001821dc30000

Metaspace:

Usage:
  Non-class:    103.71 MB capacity,   101.95 MB ( 98%) used,     1.39 MB (  1%) free+waste,   381.63 KB ( <1%) overhead. 
      Class:     15.78 MB capacity,    14.66 MB ( 93%) used,   980.67 KB (  6%) free+waste,   167.31 KB (  1%) overhead. 
       Both:    119.50 MB capacity,   116.61 MB ( 98%) used,     2.35 MB (  2%) free+waste,   548.94 KB ( <1%) overhead. 

Virtual space:
  Non-class space:      104.00 MB reserved,     104.00 MB (100%) committed 
      Class space:        1.00 GB reserved,      16.00 MB (  2%) committed 
             Both:        1.10 GB reserved,     120.00 MB ( 11%) committed 

Chunk freelists:
   Non-Class:  101.00 KB
       Class:  128.00 KB
        Both:  229.00 KB

MaxMetaspaceSize: 17179869184.00 GB
CompressedClassSpaceSize: 1.00 GB

CodeHeap 'non-profiled nmethods': size=120064Kb used=12654Kb max_used=12654Kb free=107409Kb
 bounds [0x000001822b2c0000, 0x000001822bf20000, 0x0000018232800000]
CodeHeap 'profiled nmethods': size=120000Kb used=41301Kb max_used=41301Kb free=78698Kb
 bounds [0x0000018223d90000, 0x0000018226600000, 0x000001822b2c0000]
CodeHeap 'non-nmethods': size=5696Kb used=2344Kb max_used=2444Kb free=3352Kb
 bounds [0x0000018223800000, 0x0000018223a80000, 0x0000018223d90000]
 total_blobs=19192 nmethods=18231 adapters=871
 compilation: enabled
              stopped_count=0, restarted_count=0
 full_count=0

Compilation events (20 events):
Event: 260.155 Thread 0x0000018239905000 19283       3       com.android.tools.r8.code.T2::w (10 bytes)
Event: 260.155 Thread 0x0000018239905000 nmethod 19283 0x00000182265e9690 code [0x00000182265e9840, 0x00000182265e9958]
Event: 260.183 Thread 0x0000018239905000 19284       3       com.android.tools.r8.dex.m::c (118 bytes)
Event: 260.184 Thread 0x0000018239905000 nmethod 19284 0x00000182265e9a10 code [0x00000182265e9ca0, 0x00000182265ea718]
Event: 260.184 Thread 0x0000018239905000 19287       3       com.android.tools.r8.graph.M::Y (36 bytes)
Event: 260.184 Thread 0x0000018239905000 nmethod 19287 0x00000182265eac90 code [0x00000182265eae60, 0x00000182265eb0e8]
Event: 260.184 Thread 0x0000018239905000 19285       3       com.android.tools.r8.graph.S$d::a (72 bytes)
Event: 260.186 Thread 0x0000018239905000 nmethod 19285 0x00000182265eb190 code [0x00000182265eb580, 0x00000182265ecb28]
Event: 260.186 Thread 0x0000018239905000 19286       3       com.android.tools.r8.internal.fK0::a (27 bytes)
Event: 260.186 Thread 0x0000018239905000 nmethod 19286 0x00000182265ed490 code [0x00000182265ed6c0, 0x00000182265edc28]
Event: 260.187 Thread 0x0000018239905000 19289       3       com.android.tools.r8.graph.T::a (14 bytes)
Event: 260.188 Thread 0x0000018239905000 nmethod 19289 0x00000182265ede90 code [0x00000182265ee0a0, 0x00000182265ee4e8]
Event: 260.192 Thread 0x0000018239905000 19294       3       com.android.tools.r8.graph.Q::a (14 bytes)
Event: 260.192 Thread 0x0000018239905000 nmethod 19294 0x00000182265ee710 code [0x00000182265ee920, 0x00000182265eed68]
Event: 260.193 Thread 0x0000018239905000 19295       3       com.android.tools.r8.graph.S$a::a (14 bytes)
Event: 260.193 Thread 0x0000018239905000 nmethod 19295 0x00000182265eef90 code [0x00000182265ef1a0, 0x00000182265ef5e8]
Event: 260.197 Thread 0x0000018239905000 19298       2       com.android.tools.r8.internal.q41::a (123 bytes)
Event: 260.198 Thread 0x0000018239905000 nmethod 19298 0x00000182265ef810 code [0x00000182265ef9e0, 0x00000182265efdc8]
Event: 260.207 Thread 0x0000018239905000 19299       2       com.android.tools.r8.graph.U::a (15 bytes)
Event: 260.207 Thread 0x0000018239905000 nmethod 19299 0x00000182265eff10 code [0x00000182265f0100, 0x00000182265f0308]

GC Heap History (20 events):
Event: 253.749 GC heap after
{Heap after GC invocations=98 (full 0):
 garbage-first heap   total 189440K, used 169712K [0x0000000080000000, 0x0000000100000000)
  region size 1024K, 2 young (2048K), 2 survivors (2048K)
 Metaspace       used 118799K, capacity 121754K, committed 122368K, reserved 1155072K
  class space    used 14998K, capacity 16165K, committed 16384K, reserved 1048576K
}
Event: 253.910 GC heap before
{Heap before GC invocations=98 (full 0):
 garbage-first heap   total 189440K, used 176880K [0x0000000080000000, 0x0000000100000000)
  region size 1024K, 9 young (9216K), 2 survivors (2048K)
 Metaspace       used 118799K, capacity 121754K, committed 122368K, reserved 1155072K
  class space    used 14998K, capacity 16165K, committed 16384K, reserved 1048576K
}
Event: 253.921 GC heap after
{Heap after GC invocations=99 (full 0):
 garbage-first heap   total 189440K, used 173805K [0x0000000080000000, 0x0000000100000000)
  region size 1024K, 2 young (2048K), 2 survivors (2048K)
 Metaspace       used 118799K, capacity 121754K, committed 122368K, reserved 1155072K
  class space    used 14998K, capacity 16165K, committed 16384K, reserved 1048576K
}
Event: 253.987 GC heap before
{Heap before GC invocations=99 (full 0):
 garbage-first heap   total 189440K, used 180973K [0x0000000080000000, 0x0000000100000000)
  region size 1024K, 9 young (9216K), 2 survivors (2048K)
 Metaspace       used 118799K, capacity 121754K, committed 122368K, reserved 1155072K
  class space    used 14998K, capacity 16165K, committed 16384K, reserved 1048576K
}
Event: 254.004 GC heap after
{Heap after GC invocations=100 (full 0):
 garbage-first heap   total 189440K, used 177892K [0x0000000080000000, 0x0000000100000000)
  region size 1024K, 2 young (2048K), 2 survivors (2048K)
 Metaspace       used 118799K, capacity 121754K, committed 122368K, reserved 1155072K
  class space    used 14998K, capacity 16165K, committed 16384K, reserved 1048576K
}
Event: 254.380 GC heap before
{Heap before GC invocations=100 (full 0):
 garbage-first heap   total 189440K, used 184036K [0x0000000080000000, 0x0000000100000000)
  region size 1024K, 9 young (9216K), 2 survivors (2048K)
 Metaspace       used 118572K, capacity 121383K, committed 122368K, reserved 1155072K
  class space    used 14920K, capacity 16029K, committed 16384K, reserved 1048576K
}
Event: 254.390 GC heap after
{Heap after GC invocations=101 (full 0):
 garbage-first heap   total 191488K, used 181782K [0x0000000080000000, 0x0000000100000000)
  region size 1024K, 2 young (2048K), 2 survivors (2048K)
 Metaspace       used 118572K, capacity 121383K, committed 122368K, reserved 1155072K
  class space    used 14920K, capacity 16029K, committed 16384K, reserved 1048576K
}
Event: 254.637 GC heap before
{Heap before GC invocations=102 (full 0):
 garbage-first heap   total 191488K, used 188950K [0x0000000080000000, 0x0000000100000000)
  region size 1024K, 9 young (9216K), 2 survivors (2048K)
 Metaspace       used 118704K, capacity 121537K, committed 122368K, reserved 1155072K
  class space    used 14928K, capacity 16034K, committed 16384K, reserved 1048576K
}
Event: 254.659 GC heap after
{Heap after GC invocations=103 (full 0):
 garbage-first heap   total 193536K, used 183692K [0x0000000080000000, 0x0000000100000000)
  region size 1024K, 2 young (2048K), 2 survivors (2048K)
 Metaspace       used 118704K, capacity 121537K, committed 122368K, reserved 1155072K
  class space    used 14928K, capacity 16034K, committed 16384K, reserved 1048576K
}
Event: 254.743 GC heap before
{Heap before GC invocations=103 (full 0):
 garbage-first heap   total 193536K, used 190860K [0x0000000080000000, 0x0000000100000000)
  region size 1024K, 9 young (9216K), 2 survivors (2048K)
 Metaspace       used 118704K, capacity 121537K, committed 122368K, reserved 1155072K
  class space    used 14928K, capacity 16034K, committed 16384K, reserved 1048576K
}
Event: 254.772 GC heap after
{Heap after GC invocations=104 (full 0):
 garbage-first heap   total 196608K, used 183250K [0x0000000080000000, 0x0000000100000000)
  region size 1024K, 2 young (2048K), 2 survivors (2048K)
 Metaspace       used 118704K, capacity 121537K, committed 122368K, reserved 1155072K
  class space    used 14928K, capacity 16034K, committed 16384K, reserved 1048576K
}
Event: 255.570 GC heap before
{Heap before GC invocations=104 (full 0):
 garbage-first heap   total 196608K, used 190418K [0x0000000080000000, 0x0000000100000000)
  region size 1024K, 9 young (9216K), 2 survivors (2048K)
 Metaspace       used 118922K, capacity 121848K, committed 122368K, reserved 1155072K
  class space    used 14979K, capacity 16116K, committed 16384K, reserved 1048576K
}
Event: 255.595 GC heap after
{Heap after GC invocations=105 (full 0):
 garbage-first heap   total 362496K, used 183738K [0x0000000080000000, 0x0000000100000000)
  region size 1024K, 1 young (1024K), 1 survivors (1024K)
 Metaspace       used 118922K, capacity 121848K, committed 122368K, reserved 1155072K
  class space    used 14979K, capacity 16116K, committed 16384K, reserved 1048576K
}
Event: 257.095 GC heap before
{Heap before GC invocations=106 (full 0):
 garbage-first heap   total 362496K, used 223674K [0x0000000080000000, 0x0000000100000000)
  region size 1024K, 48 young (49152K), 1 survivors (1024K)
 Metaspace       used 119226K, capacity 122184K, committed 122624K, reserved 1155072K
  class space    used 15009K, capacity 16155K, committed 16384K, reserved 1048576K
}
Event: 257.112 GC heap after
{Heap after GC invocations=107 (full 0):
 garbage-first heap   total 362496K, used 180057K [0x0000000080000000, 0x0000000100000000)
  region size 1024K, 5 young (5120K), 5 survivors (5120K)
 Metaspace       used 119226K, capacity 122184K, committed 122624K, reserved 1155072K
  class space    used 15009K, capacity 16155K, committed 16384K, reserved 1048576K
}
Event: 257.358 GC heap before
{Heap before GC invocations=107 (full 0):
 garbage-first heap   total 362496K, used 194393K [0x0000000080000000, 0x0000000100000000)
  region size 1024K, 17 young (17408K), 5 survivors (5120K)
 Metaspace       used 119234K, capacity 122184K, committed 122624K, reserved 1155072K
  class space    used 15009K, capacity 16155K, committed 16384K, reserved 1048576K
}
Event: 257.381 GC heap after
{Heap after GC invocations=108 (full 0):
 garbage-first heap   total 362496K, used 181748K [0x0000000080000000, 0x0000000100000000)
  region size 1024K, 2 young (2048K), 2 survivors (2048K)
 Metaspace       used 119234K, capacity 122184K, committed 122624K, reserved 1155072K
  class space    used 15009K, capacity 16155K, committed 16384K, reserved 1048576K
}
Event: 259.425 GC heap before
{Heap before GC invocations=108 (full 0):
 garbage-first heap   total 362496K, used 250356K [0x0000000080000000, 0x0000000100000000)
  region size 1024K, 57 young (58368K), 2 survivors (2048K)
 Metaspace       used 119311K, capacity 122266K, committed 122624K, reserved 1155072K
  class space    used 15012K, capacity 16160K, committed 16384K, reserved 1048576K
}
Event: 259.452 GC heap after
{Heap after GC invocations=109 (full 0):
 garbage-first heap   total 362496K, used 199891K [0x0000000080000000, 0x0000000100000000)
  region size 1024K, 7 young (7168K), 7 survivors (7168K)
 Metaspace       used 119311K, capacity 122266K, committed 122624K, reserved 1155072K
  class space    used 15012K, capacity 16160K, committed 16384K, reserved 1048576K
}
Event: 260.208 GC heap before
{Heap before GC invocations=109 (full 0):
 garbage-first heap   total 362496K, used 269523K [0x0000000080000000, 0x0000000100000000)
  region size 1024K, 61 young (62464K), 7 survivors (7168K)
 Metaspace       used 119410K, capacity 122363K, committed 122880K, reserved 1155072K
  class space    used 15012K, capacity 16160K, committed 16384K, reserved 1048576K
}

Deoptimization events (20 events):
Event: 259.964 Thread 0x0000018243458800 Uncommon trap: trap_request=0xffffff4d fr.pc=0x000001822bea808c relative=0x000000000000168c
Event: 259.964 Thread 0x0000018243458800 Uncommon trap: reason=unstable_if action=reinterpret pc=0x000001822bea808c method=java.util.TimSort.mergeHi(IIII)V @ 131 c2
Event: 259.964 Thread 0x0000018243458800 DEOPT PACKING pc=0x000001822bea808c sp=0x0000001b138fed90
Event: 259.964 Thread 0x0000018243458800 DEOPT UNPACKING pc=0x000001822382662f sp=0x0000001b138fed88 mode 2
Event: 259.964 Thread 0x0000018243458800 Uncommon trap: trap_request=0xffffff4d fr.pc=0x000001822bec6f08 relative=0x0000000000001568
Event: 259.964 Thread 0x0000018243458800 Uncommon trap: reason=unstable_if action=reinterpret pc=0x000001822bec6f08 method=java.util.TimSort.mergeLo(IIII)V @ 87 c2
Event: 259.964 Thread 0x0000018243458800 DEOPT PACKING pc=0x000001822bec6f08 sp=0x0000001b138feda0
Event: 259.964 Thread 0x0000018243458800 DEOPT UNPACKING pc=0x000001822382662f sp=0x0000001b138fed98 mode 2
Event: 260.026 Thread 0x0000018243458800 DEOPT PACKING pc=0x00000182265b0448 sp=0x0000001b138fedd0
Event: 260.026 Thread 0x0000018243458800 DEOPT UNPACKING pc=0x0000018223826dde sp=0x0000001b138fe2b8 mode 0
Event: 260.053 Thread 0x0000018243458800 DEOPT PACKING pc=0x00000182265b2949 sp=0x0000001b138fed80
Event: 260.053 Thread 0x0000018243458800 DEOPT UNPACKING pc=0x0000018223826dde sp=0x0000001b138fe278 mode 0
Event: 260.177 Thread 0x0000018243458800 Uncommon trap: trap_request=0xffffff4d fr.pc=0x000001822b3fee10 relative=0x0000000000000070
Event: 260.177 Thread 0x0000018243458800 Uncommon trap: reason=unstable_if action=reinterpret pc=0x000001822b3fee10 method=com.android.tools.r8.dex.m.c(I)V @ 8 c2
Event: 260.177 Thread 0x0000018243458800 DEOPT PACKING pc=0x000001822b3fee10 sp=0x0000001b138feb00
Event: 260.177 Thread 0x0000018243458800 DEOPT UNPACKING pc=0x000001822382662f sp=0x0000001b138fea78 mode 2
Event: 260.183 Thread 0x0000018243458800 Uncommon trap: trap_request=0xffffff4d fr.pc=0x000001822be91fc8 relative=0x0000000000000ea8
Event: 260.183 Thread 0x0000018243458800 Uncommon trap: reason=unstable_if action=reinterpret pc=0x000001822be91fc8 method=com.android.tools.r8.graph.M.Y()Lcom/android/tools/r8/internal/KL0; @ 4 c2
Event: 260.183 Thread 0x0000018243458800 DEOPT PACKING pc=0x000001822be91fc8 sp=0x0000001b138feaa0
Event: 260.183 Thread 0x0000018243458800 DEOPT UNPACKING pc=0x000001822382662f sp=0x0000001b138fea98 mode 2

Classes redefined (0 events):
No events

Internal exceptions (20 events):
Event: 235.756 Thread 0x000001823c0f1800 Exception <a 'java/lang/NoSuchMethodError'{0x000000008adc3848}: 'int java.lang.invoke.DirectMethodHandle$Holder.invokeSpecial(java.lang.Object, java.lang.Object, java.lang.Object, int, java.lang.Object)'> (0x000000008adc3848) thrown at [./src/hotspot/share/interpreter/linkResolver.cpp, line 773]
Event: 236.407 Thread 0x000001823c0f1800 Exception <a 'java/lang/NoSuchMethodError'{0x000000008ac8dad8}: 'java.lang.Object java.lang.invoke.DirectMethodHandle$Holder.newInvokeSpecial(java.lang.Object, int)'> (0x000000008ac8dad8) thrown at [./src/hotspot/share/interpreter/linkResolver.cpp, line 773]
Event: 236.407 Thread 0x000001823e77c800 Exception <a 'java/lang/NoSuchMethodError'{0x000000008ac7eb90}: 'java.lang.Object java.lang.invoke.DirectMethodHandle$Holder.newInvokeSpecial(java.lang.Object, int)'> (0x000000008ac7eb90) thrown at [./src/hotspot/share/interpreter/linkResolver.cpp, line 773]
Event: 242.862 Thread 0x0000018243451800 Exception <a 'java/lang/NoSuchMethodError'{0x000000008a050a60}: 'void java.lang.invoke.DirectMethodHandle$Holder.invokeStatic(java.lang.Object, long)'> (0x000000008a050a60) thrown at [./src/hotspot/share/interpreter/linkResolver.cpp, line 773]
Event: 242.864 Thread 0x0000018243451800 Exception <a 'java/lang/NoSuchMethodError'{0x000000008a05b710}: 'java.lang.Object java.lang.invoke.DirectMethodHandle$Holder.invokeStaticInit(java.lang.Object, java.lang.Object, long, java.lang.Object)'> (0x000000008a05b710) thrown at [./src/hotspot/share/interpreter/linkResolver.cpp, line 773]
Event: 242.865 Thread 0x0000018243451800 Exception <a 'java/lang/NoSuchMethodError'{0x000000008a061b98}: 'java.lang.Object java.lang.invoke.DirectMethodHandle$Holder.invokeStatic(java.lang.Object, java.lang.Object, long)'> (0x000000008a061b98) thrown at [./src/hotspot/share/interpreter/linkResolver.cpp, line 773]
Event: 242.865 Thread 0x0000018243451800 Exception <a 'java/lang/NoSuchMethodError'{0x000000008a068110}: 'java.lang.Object java.lang.invoke.Invokers$Holder.linkToTargetMethod(java.lang.Object, long, java.lang.Object)'> (0x000000008a068110) thrown at [./src/hotspot/share/interpreter/linkResolver.cpp, line 773]
Event: 243.181 Thread 0x000001823c0f1800 Exception <a 'java/lang/NoSuchMethodError'{0x0000000089e267c0}: 'java.lang.Object java.lang.invoke.Invokers$Holder.linkToTargetMethod(java.lang.Object, int, java.lang.Object, java.lang.Object, java.lang.Object, java.lang.Object)'> (0x0000000089e267c0) thrown at [./src/hotspot/share/interpreter/linkResolver.cpp, line 773]
Event: 243.183 Thread 0x000001823c0f1800 Exception <a 'java/lang/NoSuchMethodError'{0x0000000089e53410}: 'java.lang.Object java.lang.invoke.Invokers$Holder.linkToTargetMethod(java.lang.Object, java.lang.Object, java.lang.Object, int, java.lang.Object, java.lang.Object, java.lang.Object)'> (0x0000000089e53410) thrown at [./src/hotspot/share/interpreter/linkResolver.cpp, line 773]
Event: 243.246 Thread 0x000001823c0f1800 Exception <a 'java/lang/NoSuchMethodError'{0x0000000089e68850}: 'void java.lang.invoke.DirectMethodHandle$Holder.invokeStatic(java.lang.Object, java.lang.Object, java.lang.Object, java.lang.Object, java.lang.Object, java.lang.Object, java.lang.Object, java.lang.Object)'> (0x0000000089e68850) thrown at [./src/hotspot/share/interpreter/linkResolver.cpp, line 773]
Event: 244.352 Thread 0x000001823c0f1800 Exception <a 'java/lang/IncompatibleClassChangeError'{0x000000008b707280}: Found class java.lang.Object, but interface was expected> (0x000000008b707280) thrown at [./src/hotspot/share/interpreter/linkResolver.cpp, line 839]
Event: 244.866 Thread 0x000001823c0f1800 Exception <a 'java/lang/NoSuchMethodError'{0x000000008b19c5e0}: 'void java.lang.invoke.DirectMethodHandle$Holder.invokeVirtual(java.lang.Object, java.lang.Object, int)'> (0x000000008b19c5e0) thrown at [./src/hotspot/share/interpreter/linkResolver.cpp, line 773]
Event: 244.978 Thread 0x000001823e77c800 Exception <a 'sun/nio/fs/WindowsException'{0x000000008aeff780}> (0x000000008aeff780) thrown at [./src/hotspot/share/prims/jni.cpp, line 615]
Event: 244.978 Thread 0x000001823c0f1800 Exception <a 'sun/nio/fs/WindowsException'{0x000000008ad16138}> (0x000000008ad16138) thrown at [./src/hotspot/share/prims/jni.cpp, line 615]
Event: 245.918 Thread 0x000001823c0f3000 Implicit null exception at 0x000001822bc5d1ed to 0x000001822bc5d218
Event: 246.592 Thread 0x000001823c0f3000 Exception <a 'sun/nio/fs/WindowsException'{0x0000000088f786e8}> (0x0000000088f786e8) thrown at [./src/hotspot/share/prims/jni.cpp, line 615]
Event: 249.250 Thread 0x000001823c0a4000 Exception <a 'sun/nio/fs/WindowsException'{0x000000008ada4d78}> (0x000000008ada4d78) thrown at [./src/hotspot/share/prims/jni.cpp, line 615]
Event: 250.721 Thread 0x0000018243452000 Exception <a 'sun/nio/fs/WindowsException'{0x000000008ace5ac8}> (0x000000008ace5ac8) thrown at [./src/hotspot/share/prims/jni.cpp, line 615]
Event: 255.544 Thread 0x0000018243452000 Exception <a 'java/lang/IncompatibleClassChangeError'{0x000000008b43ba40}: Found class java.lang.Object, but interface was expected> (0x000000008b43ba40) thrown at [./src/hotspot/share/interpreter/linkResolver.cpp, line 839]
Event: 256.094 Thread 0x0000018243451800 Exception <a 'java/lang/NoSuchMethodError'{0x00000000954d56b0}: 'int java.lang.invoke.DirectMethodHandle$Holder.invokeSpecialIFC(java.lang.Object, java.lang.Object, java.lang.Object)'> (0x00000000954d56b0) thrown at [./src/hotspot/share/interpreter/linkResolver.cpp, line 773]

Events (20 events):
Event: 259.072 loading class com/android/tools/r8/internal/Dp1 done
Event: 259.072 loading class com/android/tools/r8/internal/Cp1
Event: 259.072 loading class com/android/tools/r8/internal/Cp1 done
Event: 259.073 loading class com/android/tools/r8/graph/S$d
Event: 259.073 loading class com/android/tools/r8/graph/S$d done
Event: 259.073 loading class com/android/tools/r8/graph/S$d
Event: 259.073 loading class com/android/tools/r8/graph/S$d done
Event: 259.073 loading class com/android/tools/r8/graph/S$d
Event: 259.073 loading class com/android/tools/r8/graph/S$d done
Event: 259.073 loading class com/android/tools/r8/graph/S$d
Event: 259.073 loading class com/android/tools/r8/graph/S$d done
Event: 259.074 loading class com/android/tools/r8/graph/S$d
Event: 259.074 loading class com/android/tools/r8/graph/S$d done
Event: 259.074 loading class com/android/tools/r8/graph/S$d
Event: 259.074 loading class com/android/tools/r8/graph/S$d done
Event: 259.074 loading class com/android/tools/r8/graph/S$d
Event: 259.074 loading class com/android/tools/r8/graph/S$d done
Event: 259.425 Executing VM operation: G1CollectForAllocation
Event: 259.452 Executing VM operation: G1CollectForAllocation done
Event: 260.207 Executing VM operation: G1CollectForAllocation


Dynamic libraries:
0x00007ff63bd30000 - 0x00007ff63bd3a000 	C:\Program Files\Android\Android Studio1\jre\bin\java.exe
0x00007fff0a4f0000 - 0x00007fff0a6e5000 	C:\WINDOWS\SYSTEM32\ntdll.dll
0x00007fff087a0000 - 0x00007fff0885d000 	C:\WINDOWS\System32\KERNEL32.DLL
0x00007fff08000000 - 0x00007fff082cd000 	C:\WINDOWS\System32\KERNELBASE.dll
0x00007fff08530000 - 0x00007fff08630000 	C:\WINDOWS\System32\ucrtbase.dll
0x00007ffee4cf0000 - 0x00007ffee4d09000 	C:\Program Files\Android\Android Studio1\jre\bin\jli.dll
0x00007fff09a30000 - 0x00007fff09bd0000 	C:\WINDOWS\System32\USER32.dll
0x00007fff07e70000 - 0x00007fff07e92000 	C:\WINDOWS\System32\win32u.dll
0x00007fff08ee0000 - 0x00007fff08f0a000 	C:\WINDOWS\System32\GDI32.dll
0x00007fff08420000 - 0x00007fff0852b000 	C:\WINDOWS\System32\gdi32full.dll
0x00007fff07cf0000 - 0x00007fff07d8d000 	C:\WINDOWS\System32\msvcp_win.dll
0x00007ffee3160000 - 0x00007ffee3177000 	C:\Program Files\Android\Android Studio1\jre\bin\VCRUNTIME140.dll
0x00007ffef4860000 - 0x00007ffef4afa000 	C:\WINDOWS\WinSxS\amd64_microsoft.windows.common-controls_6595b64144ccf1df_6.0.19041.1110_none_60b5254171f9507e\COMCTL32.dll
0x00007fff0a320000 - 0x00007fff0a3be000 	C:\WINDOWS\System32\msvcrt.dll
0x00007fff08770000 - 0x00007fff087a0000 	C:\WINDOWS\System32\IMM32.DLL
0x00007ffee0f70000 - 0x00007ffee100d000 	C:\Program Files\Android\Android Studio1\jre\bin\msvcp140.dll
0x00007ffecefc0000 - 0x00007ffecfa95000 	C:\Program Files\Android\Android Studio1\jre\bin\server\jvm.dll
0x00007fff08f10000 - 0x00007fff08fbe000 	C:\WINDOWS\System32\ADVAPI32.dll
0x00007fff09990000 - 0x00007fff09a2c000 	C:\WINDOWS\System32\sechost.dll
0x00007fff09730000 - 0x00007fff09855000 	C:\WINDOWS\System32\RPCRT4.dll
0x00007fff0a490000 - 0x00007fff0a498000 	C:\WINDOWS\System32\PSAPI.DLL
0x00007fff01b00000 - 0x00007fff01b09000 	C:\WINDOWS\SYSTEM32\WSOCK32.dll
0x00007fff08630000 - 0x00007fff0869b000 	C:\WINDOWS\System32\WS2_32.dll
0x00007ffef41d0000 - 0x00007ffef41f7000 	C:\WINDOWS\SYSTEM32\WINMM.dll
0x00007ffefbc40000 - 0x00007ffefbc4a000 	C:\WINDOWS\SYSTEM32\VERSION.dll
0x00007fff05bf0000 - 0x00007fff05c02000 	C:\WINDOWS\SYSTEM32\kernel.appcore.dll
0x00007ffef58f0000 - 0x00007ffef5901000 	C:\Program Files\Android\Android Studio1\jre\bin\verify.dll
0x00007ffef43b0000 - 0x00007ffef4594000 	C:\WINDOWS\SYSTEM32\DBGHELP.DLL
0x00007ffef5520000 - 0x00007ffef554c000 	C:\WINDOWS\SYSTEM32\dbgcore.DLL
0x00007fff07d90000 - 0x00007fff07e12000 	C:\WINDOWS\System32\bcryptPrimitives.dll
0x00007ffee4ee0000 - 0x00007ffee4f09000 	C:\Program Files\Android\Android Studio1\jre\bin\java.dll
0x00007fff01970000 - 0x00007fff0197b000 	C:\Program Files\Android\Android Studio1\jre\bin\jimage.dll
0x00007ffef2260000 - 0x00007ffef2278000 	C:\Program Files\Android\Android Studio1\jre\bin\zip.dll
0x00007fff09bd0000 - 0x00007fff0a314000 	C:\WINDOWS\System32\SHELL32.dll
0x00007fff05df0000 - 0x00007fff06584000 	C:\WINDOWS\SYSTEM32\windows.storage.dll
0x00007fff08860000 - 0x00007fff08bb4000 	C:\WINDOWS\System32\combase.dll
0x00007fff07750000 - 0x00007fff0777c000 	C:\WINDOWS\SYSTEM32\Wldp.dll
0x00007fff086c0000 - 0x00007fff0876d000 	C:\WINDOWS\System32\SHCORE.dll
0x00007fff08e80000 - 0x00007fff08ed5000 	C:\WINDOWS\System32\shlwapi.dll
0x00007fff07c30000 - 0x00007fff07c4f000 	C:\WINDOWS\SYSTEM32\profapi.dll
0x00007ffeef6f0000 - 0x00007ffeef70a000 	C:\Program Files\Android\Android Studio1\jre\bin\net.dll
0x00007ffefc790000 - 0x00007ffefc89a000 	C:\WINDOWS\SYSTEM32\WINHTTP.dll
0x00007fff074b0000 - 0x00007fff0751a000 	C:\WINDOWS\system32\mswsock.dll
0x00007ffeeb040000 - 0x00007ffeeb054000 	C:\Program Files\Android\Android Studio1\jre\bin\nio.dll
0x00007ffee0f30000 - 0x00007ffee0f57000 	C:\Users\mishal\.gradle\native\e1d6ef7f7dcc3fd88c89a11ec53ec762bb8ba0a96d01ffa2cd45eb1d1d8dd5c5\windows-amd64\native-platform.dll
0x00007ffede010000 - 0x00007ffede154000 	C:\Users\mishal\.gradle\native\5664cfc778a61ccfe75a443a1ab52a65af34e5dc3c78e0209fed803814484fcb\windows-amd64\native-platform-file-events.dll
0x00007ffefa420000 - 0x00007ffefa42a000 	C:\Program Files\Android\Android Studio1\jre\bin\management.dll
0x00007ffef58a0000 - 0x00007ffef58ad000 	C:\Program Files\Android\Android Studio1\jre\bin\management_ext.dll
0x00007fff076b0000 - 0x00007fff076c8000 	C:\WINDOWS\SYSTEM32\CRYPTSP.dll
0x00007fff06dc0000 - 0x00007fff06df4000 	C:\WINDOWS\system32\rsaenh.dll
0x00007fff082d0000 - 0x00007fff082f7000 	C:\WINDOWS\System32\bcrypt.dll
0x00007fff07bb0000 - 0x00007fff07bde000 	C:\WINDOWS\SYSTEM32\USERENV.dll
0x00007fff076a0000 - 0x00007fff076ac000 	C:\WINDOWS\SYSTEM32\CRYPTBASE.dll
0x00007fff07150000 - 0x00007fff0718b000 	C:\WINDOWS\SYSTEM32\IPHLPAPI.DLL
0x00007fff0a4a0000 - 0x00007fff0a4a8000 	C:\WINDOWS\System32\NSI.dll
0x00007ffefeab0000 - 0x00007ffefeac7000 	C:\WINDOWS\SYSTEM32\dhcpcsvc6.DLL
0x00007ffefeb80000 - 0x00007ffefeb9d000 	C:\WINDOWS\SYSTEM32\dhcpcsvc.DLL
0x00007fff071a0000 - 0x00007fff0726b000 	C:\WINDOWS\SYSTEM32\DNSAPI.dll
0x00007fff069f0000 - 0x00007fff06a23000 	C:\WINDOWS\SYSTEM32\ntmarta.dll

dbghelp: loaded successfully - version: 4.0.5 - missing functions: none
symbol engine: initialized successfully - sym options: 0x614 - pdb path: .;C:\Program Files\Android\Android Studio1\jre\bin;C:\WINDOWS\SYSTEM32;C:\WINDOWS\WinSxS\amd64_microsoft.windows.common-controls_6595b64144ccf1df_6.0.19041.1110_none_60b5254171f9507e;C:\Program Files\Android\Android Studio1\jre\bin\server;C:\Users\mishal\.gradle\native\e1d6ef7f7dcc3fd88c89a11ec53ec762bb8ba0a96d01ffa2cd45eb1d1d8dd5c5\windows-amd64;C:\Users\mishal\.gradle\native\5664cfc778a61ccfe75a443a1ab52a65af34e5dc3c78e0209fed803814484fcb\windows-amd64

VM Arguments:
jvm_args: --add-opens=java.base/java.util=ALL-UNNAMED --add-opens=java.base/java.lang=ALL-UNNAMED --add-opens=java.base/java.lang.invoke=ALL-UNNAMED --add-opens=java.base/java.util=ALL-UNNAMED --add-opens=java.prefs/java.util.prefs=ALL-UNNAMED --add-opens=java.prefs/java.util.prefs=ALL-UNNAMED --add-opens=java.base/java.nio.charset=ALL-UNNAMED --add-opens=java.base/java.net=ALL-UNNAMED --add-opens=java.base/java.util.concurrent.atomic=ALL-UNNAMED -Xmx2048m -Dfile.encoding=UTF-8 -Duser.country=US -Duser.language=en -Duser.variant 
java_command: org.gradle.launcher.daemon.bootstrap.GradleDaemon 7.2
java_class_path (initial): C:\Users\mishal\.gradle\wrapper\dists\gradle-7.2-bin\2dnblmf4td7x66yl1d74lt32g\gradle-7.2\lib\gradle-launcher-7.2.jar
Launcher Type: SUN_STANDARD

[Global flags]
     intx CICompilerCount                          = 3                                         {product} {ergonomic}
     uint ConcGCThreads                            = 1                                         {product} {ergonomic}
     uint G1ConcRefinementThreads                  = 4                                         {product} {ergonomic}
   size_t G1HeapRegionSize                         = 1048576                                   {product} {ergonomic}
    uintx GCDrainStackTargetSize                   = 64                                        {product} {ergonomic}
   size_t InitialHeapSize                          = 134217728                                 {product} {ergonomic}
   size_t MarkStackSize                            = 4194304                                   {product} {ergonomic}
   size_t MaxHeapSize                              = 2147483648                                {product} {command line}
   size_t MaxNewSize                               = 1287651328                                {product} {ergonomic}
   size_t MinHeapDeltaBytes                        = 1048576                                   {product} {ergonomic}
    uintx NonNMethodCodeHeapSize                   = 5830732                                {pd product} {ergonomic}
    uintx NonProfiledCodeHeapSize                  = 122913754                              {pd product} {ergonomic}
    uintx ProfiledCodeHeapSize                     = 122913754                              {pd product} {ergonomic}
    uintx ReservedCodeCacheSize                    = 251658240                              {pd product} {ergonomic}
     bool SegmentedCodeCache                       = true                                      {product} {ergonomic}
     bool UseCompressedClassPointers               = true                                 {lp64_product} {ergonomic}
     bool UseCompressedOops                        = true                                 {lp64_product} {ergonomic}
     bool UseG1GC                                  = true                                      {product} {ergonomic}
     bool UseLargePagesIndividualAllocation        = false                                  {pd product} {ergonomic}

Logging:
Log output configuration:
 #0: stdout all=warning uptime,level,tags
 #1: stderr all=off uptime,level,tags

Environment Variables:
PATH=C:\Program Files\Common Files\Oracle\Java\javapath;C:\WINDOWS\system32;C:\WINDOWS;C:\WINDOWS\System32\Wbem;C:\WINDOWS\System32\WindowsPowerShell\v1.0\;C:\WINDOWS\System32\OpenSSH\;C:\MinGW\bin;C:\Program Files\Git\cmd;C:\Users\mishal\AppData\Local\Microsoft\WindowsApps;C:\Users\mishal\AppData\Local\Programs\Microsoft VS Code\bin;C:\Program Files\Java\jdk-17.0.2\bin;C:\Users\mishal\AppData\Local\GitHubDesktop\bin
USERNAME=mishal
OS=Windows_NT
PROCESSOR_IDENTIFIER=Intel64 Family 6 Model 69 Stepping 1, GenuineIntel



---------------  S Y S T E M  ---------------

OS: Windows 10 , 64 bit Build 19041 (10.0.19041.1706)
OS uptime: 4 days 15:21 hours

CPU:total 4 (initial active 4) (2 cores per cpu, 2 threads per core) family 6 model 69 stepping 1 microcode 0x25, cmov, cx8, fxsr, mmx, sse, sse2, sse3, ssse3, sse4.1, sse4.2, popcnt, avx, avx2, aes, clmul, erms, lzcnt, ht, tsc, tscinvbit, bmi1, bmi2, fma

Memory: 4k page, system-wide physical 8089M (514M free)
TotalPageFile size 20901M (AvailPageFile size 81M)
current process WorkingSet (physical memory assigned to process): 623M, peak: 626M
current process commit charge ("private bytes"): 736M, peak: 889M

vm_info: OpenJDK 64-Bit Server VM (11.0.11+9-b60-7590822) for windows-amd64 JRE (11.0.11+9-b60-7590822), built on Jul 29 2021 21:43:44 by "builder" with MS VC++ 14.0 (VS2015)

END.
